INFO 2020-07-25 06:34:03,444 autoreload 597 Watching for file changes with StatReloader
INFO 2020-07-25 06:35:20,264 autoreload 217 /home/ubuntu/.virtualenvs/my_first_virtualenv/lib/python3.6/site-packages/django/db/backends/mysql/operations.py changed, reloading.
INFO 2020-07-25 06:35:20,858 autoreload 597 Watching for file changes with StatReloader
INFO 2020-07-25 06:35:33,388 autoreload 597 Watching for file changes with StatReloader
INFO 2020-07-25 09:03:47,471 autoreload 597 Watching for file changes with StatReloader
INFO 2020-07-25 09:03:54,240 basehttp 154 "GET / HTTP/1.1" 200 16348
INFO 2020-07-25 09:03:54,927 basehttp 154 "GET /static/admin/css/fonts.css HTTP/1.1" 200 423
INFO 2020-07-25 09:03:55,327 basehttp 154 "GET /static/admin/fonts/Roboto-Regular-webfont.woff HTTP/1.1" 200 85876
INFO 2020-07-25 09:03:55,330 basehttp 154 "GET /static/admin/fonts/Roboto-Bold-webfont.woff HTTP/1.1" 200 86184
WARNING 2020-07-25 09:03:55,390 log 228 Not Found: /favicon.ico
WARNING 2020-07-25 09:03:55,391 basehttp 154 "GET /favicon.ico HTTP/1.1" 404 1977
INFO 2020-07-25 09:03:55,550 basehttp 154 "GET /static/admin/fonts/Roboto-Light-webfont.woff HTTP/1.1" 200 85692
INFO 2020-07-25 09:27:35,273 autoreload 217 /home/ubuntu/Desktop/项目阶段/meiduo_mall/meiduo_mall/settings/dev.py changed, reloading.
INFO 2020-07-25 09:27:36,404 autoreload 597 Watching for file changes with StatReloader
INFO 2020-07-25 09:39:38,290 autoreload 217 /home/ubuntu/Desktop/项目阶段/meiduo_mall/meiduo_mall/settings/dev.py changed, reloading.
INFO 2020-07-25 09:39:40,363 autoreload 597 Watching for file changes with StatReloader
INFO 2020-07-25 09:52:21,315 autoreload 597 Watching for file changes with StatReloader
INFO 2020-07-25 09:53:01,314 autoreload 597 Watching for file changes with StatReloader
INFO 2020-07-25 09:54:39,660 autoreload 597 Watching for file changes with StatReloader
INFO 2020-07-25 09:59:46,622 autoreload 217 /home/ubuntu/Desktop/项目阶段/meiduo_mall/meiduo_mall/settings/dev.py changed, reloading.
INFO 2020-07-25 09:59:47,110 autoreload 597 Watching for file changes with StatReloader
INFO 2020-07-25 11:30:28,003 autoreload 217 /home/ubuntu/Desktop/项目阶段/meiduo_mall/meiduo_mall/apps/users/models.py changed, reloading.
INFO 2020-07-25 11:30:39,043 autoreload 597 Watching for file changes with StatReloader
INFO 2020-07-25 11:37:56,662 autoreload 217 /home/ubuntu/Desktop/项目阶段/meiduo_mall/meiduo_mall/settings/dev.py changed, reloading.
INFO 2020-07-25 11:37:57,307 autoreload 597 Watching for file changes with StatReloader
INFO 2020-07-25 11:49:02,566 autoreload 217 /home/ubuntu/Desktop/项目阶段/meiduo_mall/meiduo_mall/settings/dev.py changed, reloading.
INFO 2020-07-25 11:49:03,280 autoreload 597 Watching for file changes with StatReloader
INFO 2020-07-26 01:37:34,065 autoreload 597 Watching for file changes with StatReloader
INFO 2020-07-26 01:59:45,384 autoreload 217 /home/ubuntu/Desktop/项目阶段/meiduo_mall/meiduo_mall/settings/dev.py changed, reloading.
INFO 2020-07-26 01:59:48,033 autoreload 597 Watching for file changes with StatReloader
WARNING 2020-07-26 02:06:27,825 log 228 Not Found: /carts/simple/
WARNING 2020-07-26 02:06:27,826 basehttp 154 "GET /carts/simple/ HTTP/1.1" 404 2183
WARNING 2020-07-26 02:06:42,484 log 228 Not Found: /carts/simple/
WARNING 2020-07-26 02:06:42,485 basehttp 154 "GET /carts/simple/ HTTP/1.1" 404 2183
WARNING 2020-07-26 02:08:42,294 log 228 Not Found: /carts/simple/
WARNING 2020-07-26 02:08:42,296 basehttp 154 "GET /carts/simple/ HTTP/1.1" 404 2183
WARNING 2020-07-26 02:09:54,324 log 228 Not Found: /carts/simple/
WARNING 2020-07-26 02:09:54,329 basehttp 154 "GET /carts/simple/ HTTP/1.1" 404 2183
INFO 2020-07-26 02:12:27,368 basehttp 154 "GET /usernames/ftjfthdg/count/ HTTP/1.1" 200 39
INFO 2020-07-26 02:13:25,766 basehttp 154 "GET /usernames/ftjfthdg/count/ HTTP/1.1" 200 39
INFO 2020-07-26 02:13:47,855 basehttp 154 "GET /usernames/ftjfthdg/count/ HTTP/1.1" 200 39
INFO 2020-07-26 02:15:27,524 basehttp 154 "GET /usernames/ftjfthdg/count/ HTTP/1.1" 200 39
INFO 2020-07-26 02:19:50,252 basehttp 154 "GET /usernames/ftjfthdg/count/ HTTP/1.1" 200 39
INFO 2020-07-26 02:51:39,545 autoreload 217 /home/ubuntu/Desktop/项目阶段/meiduo_mall/meiduo_mall/settings/dev.py changed, reloading.
INFO 2020-07-26 02:51:40,306 autoreload 597 Watching for file changes with StatReloader
INFO 2020-07-26 02:59:53,361 autoreload 217 /home/ubuntu/Desktop/项目阶段/meiduo_mall/meiduo_mall/apps/users/views.py changed, reloading.
INFO 2020-07-26 02:59:53,993 autoreload 597 Watching for file changes with StatReloader
INFO 2020-07-26 03:09:23,154 autoreload 217 /home/ubuntu/Desktop/项目阶段/meiduo_mall/meiduo_mall/apps/users/models.py changed, reloading.
INFO 2020-07-26 03:09:23,886 autoreload 597 Watching for file changes with StatReloader
INFO 2020-07-26 05:51:19,257 autoreload 217 /home/ubuntu/Desktop/项目阶段/meiduo_mall/meiduo_mall/apps/users/views.py changed, reloading.
INFO 2020-07-26 05:51:21,338 autoreload 597 Watching for file changes with StatReloader
INFO 2020-07-26 05:55:12,790 autoreload 217 /home/ubuntu/Desktop/项目阶段/meiduo_mall/meiduo_mall/apps/users/models.py changed, reloading.
INFO 2020-07-26 05:55:13,282 autoreload 597 Watching for file changes with StatReloader
INFO 2020-07-26 05:59:54,055 autoreload 217 /home/ubuntu/Desktop/项目阶段/meiduo_mall/meiduo_mall/apps/users/models.py changed, reloading.
INFO 2020-07-26 05:59:54,570 autoreload 597 Watching for file changes with StatReloader
INFO 2020-07-26 06:00:36,556 autoreload 217 /home/ubuntu/Desktop/项目阶段/meiduo_mall/meiduo_mall/apps/users/models.py changed, reloading.
INFO 2020-07-26 06:00:37,174 autoreload 597 Watching for file changes with StatReloader
INFO 2020-07-26 06:31:12,200 autoreload 217 /home/ubuntu/Desktop/项目阶段/meiduo_mall/meiduo_mall/apps/users/models.py changed, reloading.
INFO 2020-07-26 06:31:17,618 autoreload 597 Watching for file changes with StatReloader
INFO 2020-07-26 06:33:12,806 autoreload 217 /home/ubuntu/Desktop/项目阶段/meiduo_mall/meiduo_mall/apps/users/models.py changed, reloading.
INFO 2020-07-26 06:33:13,277 autoreload 597 Watching for file changes with StatReloader
INFO 2020-07-26 06:33:39,924 autoreload 217 /home/ubuntu/Desktop/项目阶段/meiduo_mall/meiduo_mall/apps/users/models.py changed, reloading.
INFO 2020-07-26 06:33:40,426 autoreload 597 Watching for file changes with StatReloader
INFO 2020-07-26 06:35:01,617 autoreload 217 /home/ubuntu/Desktop/项目阶段/meiduo_mall/meiduo_mall/apps/users/models.py changed, reloading.
INFO 2020-07-26 06:35:02,092 autoreload 597 Watching for file changes with StatReloader
INFO 2020-07-26 06:39:33,994 autoreload 217 /home/ubuntu/Desktop/项目阶段/meiduo_mall/meiduo_mall/apps/users/models.py changed, reloading.
INFO 2020-07-26 06:39:34,483 autoreload 597 Watching for file changes with StatReloader
INFO 2020-07-26 06:47:10,084 autoreload 597 Watching for file changes with StatReloader
INFO 2020-07-26 06:58:16,228 autoreload 597 Watching for file changes with StatReloader
INFO 2020-07-26 07:15:48,838 autoreload 217 /home/ubuntu/Desktop/项目阶段/meiduo_mall/meiduo_mall/settings/dev.py changed, reloading.
INFO 2020-07-26 07:15:50,301 autoreload 597 Watching for file changes with StatReloader
INFO 2020-07-26 07:20:36,393 autoreload 217 /home/ubuntu/Desktop/项目阶段/meiduo_mall/meiduo_mall/settings/dev.py changed, reloading.
INFO 2020-07-26 15:24:59,800 autoreload 597 Watching for file changes with StatReloader
INFO 2020-07-26 15:56:30,813 autoreload 217 /home/ubuntu/Desktop/项目阶段/meiduo_mall/meiduo_mall/settings/dev.py changed, reloading.
INFO 2020-07-26 07:56:33,255 autoreload 597 Watching for file changes with StatReloader
INFO 2020-07-26 08:00:58,851 autoreload 597 Watching for file changes with StatReloader
INFO 2020-07-26 08:15:47,697 autoreload 597 Watching for file changes with StatReloader
INFO 2020-07-26 08:16:36,740 autoreload 597 Watching for file changes with StatReloader
WARNING 2020-07-26 08:24:05,842 log 228 Not Found: /image_codes/ad2f4f15-eff7-4f82-9cee-bdec96551765/
WARNING 2020-07-26 08:24:05,858 basehttp 154 "GET /image_codes/ad2f4f15-eff7-4f82-9cee-bdec96551765/ HTTP/1.1" 404 2483
INFO 2020-07-26 08:24:11,194 basehttp 154 "GET /usernames/shawn/count/ HTTP/1.1" 200 39
WARNING 2020-07-26 08:42:22,451 log 228 Not Found: /mobiles/13896584883/count/
WARNING 2020-07-26 08:42:22,482 basehttp 154 "GET /mobiles/13896584883/count/ HTTP/1.1" 404 2414
INFO 2020-07-26 08:42:42,125 basehttp 154 "GET /usernames/shawn/count/ HTTP/1.1" 200 39
INFO 2020-07-26 08:42:46,029 basehttp 154 "GET /usernames/asdfasdf/count/ HTTP/1.1" 200 39
INFO 2020-07-26 08:42:52,051 basehttp 154 "GET /usernames/shawn/count/ HTTP/1.1" 200 39
WARNING 2020-07-26 08:42:53,927 log 228 Not Found: /mobiles/13896584883/count/
WARNING 2020-07-26 08:42:53,945 basehttp 154 "GET /mobiles/13896584883/count/ HTTP/1.1" 404 2414
INFO 2020-07-26 08:45:45,968 autoreload 217 /home/ubuntu/Desktop/项目阶段/meiduo_mall/meiduo_mall/apps/users/urls.py changed, reloading.
INFO 2020-07-26 08:45:46,915 autoreload 597 Watching for file changes with StatReloader
INFO 2020-07-26 08:45:48,711 basehttp 154 "GET /mobiles/13896584883/count/ HTTP/1.1" 200 39
INFO 2020-07-26 09:10:41,296 autoreload 217 /home/ubuntu/Desktop/项目阶段/meiduo_mall/meiduo_mall/settings/dev.py changed, reloading.
INFO 2020-07-26 09:10:43,327 autoreload 597 Watching for file changes with StatReloader
INFO 2020-07-26 09:14:21,118 autoreload 217 /home/ubuntu/Desktop/项目阶段/meiduo_mall/meiduo_mall/__init__.py changed, reloading.
INFO 2020-07-26 09:14:21,978 autoreload 597 Watching for file changes with StatReloader
INFO 2020-07-27 01:23:39,073 autoreload 597 Watching for file changes with StatReloader
INFO 2020-07-27 01:33:25,808 autoreload 217 /home/ubuntu/Desktop/项目阶段/meiduo_mall/meiduo_mall/apps/verifications/urls.py changed, reloading.
INFO 2020-07-27 01:33:27,220 autoreload 597 Watching for file changes with StatReloader
INFO 2020-07-27 04:07:48,073 autoreload 597 Watching for file changes with StatReloader
INFO 2020-07-27 04:08:04,978 autoreload 597 Watching for file changes with StatReloader
INFO 2020-07-27 04:08:51,968 autoreload 597 Watching for file changes with StatReloader
INFO 2020-07-27 04:09:24,848 autoreload 597 Watching for file changes with StatReloader
INFO 2020-07-27 04:09:55,603 autoreload 597 Watching for file changes with StatReloader
ERROR 2020-07-27 04:10:07,477 log 228 Internal Server Error: /image_codes/52c4f0ac-5426-41b2-acf4-4bc7f9bc224f/
Traceback (most recent call last):
  File "/home/ubuntu/.virtualenvs/my_first_virtualenv/lib/python3.6/site-packages/django/core/handlers/exception.py", line 34, in inner
    response = get_response(request)
  File "/home/ubuntu/.virtualenvs/my_first_virtualenv/lib/python3.6/site-packages/django/core/handlers/base.py", line 115, in _get_response
    response = self.process_exception_by_middleware(e, request)
  File "/home/ubuntu/.virtualenvs/my_first_virtualenv/lib/python3.6/site-packages/django/core/handlers/base.py", line 113, in _get_response
    response = wrapped_callback(request, *callback_args, **callback_kwargs)
  File "/home/ubuntu/.virtualenvs/my_first_virtualenv/lib/python3.6/site-packages/django/views/generic/base.py", line 71, in view
    return self.dispatch(request, *args, **kwargs)
  File "/home/ubuntu/.virtualenvs/my_first_virtualenv/lib/python3.6/site-packages/django/views/generic/base.py", line 97, in dispatch
    return handler(request, *args, **kwargs)
TypeError: get() got an unexpected keyword argument 'uuid'
ERROR 2020-07-27 04:10:07,480 basehttp 154 "GET /image_codes/52c4f0ac-5426-41b2-acf4-4bc7f9bc224f/ HTTP/1.1" 500 76924
INFO 2020-07-27 04:10:43,770 basehttp 154 "GET /usernames/shawn/count/ HTTP/1.1" 200 39
INFO 2020-07-27 04:10:51,203 basehttp 154 "GET /mobiles/13896584883/count/ HTTP/1.1" 200 39
INFO 2020-07-27 04:15:28,979 autoreload 217 /home/ubuntu/Desktop/项目阶段/meiduo_mall/meiduo_mall/apps/verifications/views.py changed, reloading.
INFO 2020-07-27 04:15:29,741 autoreload 597 Watching for file changes with StatReloader
INFO 2020-07-27 04:21:48,757 autoreload 217 /home/ubuntu/Desktop/项目阶段/meiduo_mall/meiduo_mall/apps/verifications/views.py changed, reloading.
INFO 2020-07-27 04:21:49,974 autoreload 597 Watching for file changes with StatReloader
INFO 2020-07-27 04:42:51,267 autoreload 217 /home/ubuntu/Desktop/项目阶段/meiduo_mall/meiduo_mall/apps/verifications/views.py changed, reloading.
INFO 2020-07-27 04:42:51,881 autoreload 597 Watching for file changes with StatReloader
INFO 2020-07-27 04:42:53,948 basehttp 154 "GET /image_codes/ba47c338-9922-4968-93db-6c3252326583/ HTTP/1.1" 200 3208
INFO 2020-07-27 04:43:00,054 basehttp 154 "GET /image_codes/9a7c4a15-4eaa-44bc-aaca-113402057c4c/ HTTP/1.1" 200 3287
INFO 2020-07-27 04:43:01,111 basehttp 154 "GET /image_codes/4c1c1e48-bed9-4a27-8946-8974a968ccdc/ HTTP/1.1" 200 3183
INFO 2020-07-27 04:43:02,019 basehttp 154 "GET /image_codes/513061c4-11b3-425d-b370-f06321f3735e/ HTTP/1.1" 200 3157
INFO 2020-07-27 04:43:03,292 basehttp 154 "GET /image_codes/dc5bee63-d04c-4310-80c8-725e150978eb/ HTTP/1.1" 200 3482
INFO 2020-07-27 05:51:11,122 autoreload 217 /home/ubuntu/Desktop/项目阶段/meiduo_mall/meiduo_mall/apps/verifications/views.py changed, reloading.
INFO 2020-07-27 05:51:13,759 autoreload 597 Watching for file changes with StatReloader
INFO 2020-07-27 06:18:17,139 autoreload 217 /home/ubuntu/Desktop/项目阶段/meiduo_mall/meiduo_mall/libs/__init__.py changed, reloading.
INFO 2020-07-27 06:18:17,991 autoreload 597 Watching for file changes with StatReloader
INFO 2020-07-27 06:19:59,788 autoreload 217 /home/ubuntu/Desktop/项目阶段/meiduo_mall/meiduo_mall/libs/yuntongxun/ccp_sms.py changed, reloading.
INFO 2020-07-27 06:20:00,618 autoreload 597 Watching for file changes with StatReloader
INFO 2020-07-27 08:50:11,848 basehttp 154 "GET /mobiles/13896584883/count/ HTTP/1.1" 200 39
INFO 2020-07-27 08:50:26,704 basehttp 154 "GET /mobiles/13896584883/count/ HTTP/1.1" 200 39
INFO 2020-07-27 08:51:35,627 basehttp 154 "GET /mobiles/13896584883/count/ HTTP/1.1" 200 39
INFO 2020-07-27 08:51:40,167 basehttp 154 "GET /image_codes/775c7f8b-e21c-46b5-8520-e21accb40d37/ HTTP/1.1" 200 3345
INFO 2020-07-27 08:51:46,756 basehttp 154 "GET /mobiles/13896584883/count/ HTTP/1.1" 200 39
INFO 2020-07-27 08:51:56,426 basehttp 154 "GET /mobiles/13896584883/count/ HTTP/1.1" 200 39
WARNING 2020-07-27 08:51:56,540 log 228 Not Found: /sms_codes/13896584883/
WARNING 2020-07-27 08:51:56,541 basehttp 154 "GET /sms_codes/13896584883/?image_code=bczq&image_code_id=775c7f8b-e21c-46b5-8520-e21accb40d37 HTTP/1.1" 404 2658
INFO 2020-07-27 09:05:53,817 autoreload 217 /home/ubuntu/Desktop/项目阶段/meiduo_mall/meiduo_mall/apps/verifications/urls.py changed, reloading.
INFO 2020-07-27 09:05:57,079 autoreload 597 Watching for file changes with StatReloader
INFO 2020-07-27 10:08:20,674 autoreload 217 /home/ubuntu/Desktop/项目阶段/meiduo_mall/meiduo_mall/apps/verifications/views.py changed, reloading.
INFO 2020-07-27 10:08:26,644 autoreload 597 Watching for file changes with StatReloader
INFO 2020-07-27 10:09:17,895 autoreload 597 Watching for file changes with StatReloader
INFO 2020-07-27 10:09:25,985 basehttp 154 "GET /image_codes/951b27ab-fa7e-4b99-a643-e418ef5c3a16/ HTTP/1.1" 200 3481
INFO 2020-07-27 10:09:33,905 basehttp 154 "GET /mobiles/13896584883/count/ HTTP/1.1" 200 39
INFO 2020-07-27 10:10:16,953 autoreload 217 /home/ubuntu/Desktop/项目阶段/meiduo_mall/meiduo_mall/apps/verifications/views.py changed, reloading.
INFO 2020-07-27 10:10:17,658 autoreload 597 Watching for file changes with StatReloader
INFO 2020-07-27 10:10:18,766 basehttp 154 "GET /image_codes/8f089b6c-3171-4333-9027-59ccdd81a4b9/ HTTP/1.1" 200 3451
INFO 2020-07-27 10:10:30,149 basehttp 154 "GET /image_codes/38116936-687d-413a-8914-1695deedf5e7/ HTTP/1.1" 200 3229
INFO 2020-07-27 10:10:41,677 basehttp 154 "GET /mobiles/13111111111/count/ HTTP/1.1" 200 39
INFO 2020-07-27 10:10:48,298 basehttp 154 "GET /mobiles/13111111111/count/ HTTP/1.1" 200 39
ERROR 2020-07-27 10:10:48,488 log 228 Internal Server Error: /sms_codes/13111111111/
Traceback (most recent call last):
  File "/home/ubuntu/.virtualenvs/my_first_virtualenv/lib/python3.6/site-packages/django/core/handlers/exception.py", line 34, in inner
    response = get_response(request)
  File "/home/ubuntu/.virtualenvs/my_first_virtualenv/lib/python3.6/site-packages/django/core/handlers/base.py", line 115, in _get_response
    response = self.process_exception_by_middleware(e, request)
  File "/home/ubuntu/.virtualenvs/my_first_virtualenv/lib/python3.6/site-packages/django/core/handlers/base.py", line 113, in _get_response
    response = wrapped_callback(request, *callback_args, **callback_kwargs)
  File "/home/ubuntu/.virtualenvs/my_first_virtualenv/lib/python3.6/site-packages/django/views/generic/base.py", line 71, in view
    return self.dispatch(request, *args, **kwargs)
  File "/home/ubuntu/.virtualenvs/my_first_virtualenv/lib/python3.6/site-packages/django/views/generic/base.py", line 97, in dispatch
    return handler(request, *args, **kwargs)
  File "/home/ubuntu/Desktop/项目阶段/meiduo_mall/meiduo_mall/apps/verifications/views.py", line 29, in get
    image_code = request.Get.get('image_code')
AttributeError: 'WSGIRequest' object has no attribute 'Get'
ERROR 2020-07-27 10:10:48,489 basehttp 154 "GET /sms_codes/13111111111/?image_code=ehn8&image_code_id=38116936-687d-413a-8914-1695deedf5e7 HTTP/1.1" 500 81820
INFO 2020-07-27 10:13:06,387 autoreload 217 /home/ubuntu/Desktop/项目阶段/meiduo_mall/meiduo_mall/apps/verifications/views.py changed, reloading.
INFO 2020-07-27 10:13:07,164 autoreload 597 Watching for file changes with StatReloader
INFO 2020-07-27 10:13:08,199 basehttp 154 "GET /image_codes/57073513-ad0d-4593-8852-3e22b9c76521/ HTTP/1.1" 200 3014
INFO 2020-07-27 10:13:40,555 basehttp 154 "GET /mobiles/19876543201/count/ HTTP/1.1" 200 39
INFO 2020-07-27 10:13:47,196 basehttp 154 "GET /mobiles/19876543201/count/ HTTP/1.1" 200 39
ERROR 2020-07-27 10:13:47,270 log 228 Internal Server Error: /sms_codes/19876543201/
Traceback (most recent call last):
  File "/home/ubuntu/.virtualenvs/my_first_virtualenv/lib/python3.6/site-packages/django/core/handlers/exception.py", line 34, in inner
    response = get_response(request)
  File "/home/ubuntu/.virtualenvs/my_first_virtualenv/lib/python3.6/site-packages/django/core/handlers/base.py", line 126, in _get_response
    "returned None instead." % (callback.__module__, view_name)
ValueError: The view verifications.views.SMSCodeView didn't return an HttpResponse object. It returned None instead.
ERROR 2020-07-27 10:13:47,272 basehttp 154 "GET /sms_codes/19876543201/?image_code=RNSY&image_code_id=57073513-ad0d-4593-8852-3e22b9c76521 HTTP/1.1" 500 62448
INFO 2020-07-27 10:15:43,661 autoreload 217 /home/ubuntu/Desktop/项目阶段/meiduo_mall/meiduo_mall/apps/verifications/views.py changed, reloading.
INFO 2020-07-27 10:15:44,269 autoreload 597 Watching for file changes with StatReloader
INFO 2020-07-27 10:16:07,882 autoreload 597 Watching for file changes with StatReloader
INFO 2020-07-27 10:16:24,510 autoreload 597 Watching for file changes with StatReloader
INFO 2020-07-27 10:16:30,029 basehttp 154 "GET /image_codes/55208131-7ed9-4ddb-9de1-cfabd104083e/ HTTP/1.1" 200 3453
INFO 2020-07-27 10:16:41,270 basehttp 154 "GET /mobiles/19876543210/count/ HTTP/1.1" 200 39
INFO 2020-07-27 10:16:44,418 basehttp 154 "GET /image_codes/fbcf0aa3-3176-4cda-9585-410844182ece/ HTTP/1.1" 200 3032
INFO 2020-07-27 10:16:47,443 basehttp 154 "GET /image_codes/7b09660a-0406-43a0-ae0a-6490e0b473cb/ HTTP/1.1" 200 2994
INFO 2020-07-27 10:16:53,653 basehttp 154 "GET /sms_codes/19876543210/?image_code=nkxl&image_code_id=7b09660a-0406-43a0-ae0a-6490e0b473cb HTTP/1.1" 200 28
INFO 2020-07-27 10:16:53,684 basehttp 154 "GET /mobiles/19876543210/count/ HTTP/1.1" 200 39
INFO 2020-07-27 11:34:27,160 autoreload 217 /home/ubuntu/Desktop/项目阶段/meiduo_mall/meiduo_mall/apps/verifications/views.py changed, reloading.
INFO 2020-07-27 11:34:30,050 autoreload 597 Watching for file changes with StatReloader
INFO 2020-07-27 11:35:09,021 basehttp 154 "GET /image_codes/313e82b1-aa41-488f-be95-079d24ee9a80/ HTTP/1.1" 200 3036
INFO 2020-07-27 11:35:28,054 basehttp 154 "GET /mobiles/13896584883/count/ HTTP/1.1" 200 39
INFO 2020-07-27 11:35:33,588 basehttp 154 "GET /mobiles/13896584883/count/ HTTP/1.1" 200 39
INFO 2020-07-27 11:35:33,611 views 65 248302
INFO 2020-07-27 11:35:34,119 basehttp 154 "GET /sms_codes/13896584883/?image_code=hhsp&image_code_id=313e82b1-aa41-488f-be95-079d24ee9a80 HTTP/1.1" 200 73
INFO 2020-07-27 11:55:55,825 autoreload 217 /home/ubuntu/Desktop/项目阶段/meiduo_mall/meiduo_mall/apps/verifications/views.py changed, reloading.
INFO 2020-07-27 11:56:01,296 autoreload 597 Watching for file changes with StatReloader
INFO 2020-07-27 11:56:29,556 basehttp 154 "GET /image_codes/bd9d4823-09b4-44fc-a57e-2520067da49f/ HTTP/1.1" 200 3691
INFO 2020-07-27 11:56:40,693 basehttp 154 "GET /mobiles/13896584883/count/ HTTP/1.1" 200 39
INFO 2020-07-27 11:56:47,090 views 74 903968
INFO 2020-07-27 11:56:47,123 basehttp 154 "GET /mobiles/13896584883/count/ HTTP/1.1" 200 39
INFO 2020-07-27 11:56:47,360 basehttp 154 "GET /sms_codes/13896584883/?image_code=sjhx&image_code_id=bd9d4823-09b4-44fc-a57e-2520067da49f HTTP/1.1" 200 73
INFO 2020-07-27 11:57:08,392 basehttp 154 "GET /mobiles/13896584883/count/ HTTP/1.1" 200 39
INFO 2020-07-27 11:57:33,356 basehttp 154 "GET /mobiles/13896584883/count/ HTTP/1.1" 200 39
INFO 2020-07-27 11:57:38,122 basehttp 154 "GET /mobiles/13896584883/count/ HTTP/1.1" 200 39
INFO 2020-07-27 11:57:38,139 basehttp 154 "GET /image_codes/634bf15e-eaaf-400c-b2b8-0b60c4308842/ HTTP/1.1" 200 3016
INFO 2020-07-27 11:57:42,554 basehttp 154 "GET /mobiles/13896584883/count/ HTTP/1.1" 200 39
WARNING 2020-07-27 11:57:50,276 log 228 Bad Request: /sms_codes/13896584883/
WARNING 2020-07-27 11:57:50,276 basehttp 154 "GET /sms_codes/13896584883/?image_code=sjhx&image_code_id=634bf15e-eaaf-400c-b2b8-0b60c4308842 HTTP/1.1" 400 63
INFO 2020-07-27 11:57:50,316 basehttp 154 "GET /mobiles/13896584883/count/ HTTP/1.1" 200 39
WARNING 2020-07-27 11:58:13,116 log 228 Bad Request: /sms_codes/13896584883/
WARNING 2020-07-27 11:58:13,117 basehttp 154 "GET /sms_codes/13896584883/?image_code=sjhx&image_code_id=634bf15e-eaaf-400c-b2b8-0b60c4308842 HTTP/1.1" 400 63
INFO 2020-07-27 11:58:13,152 basehttp 154 "GET /mobiles/13896584883/count/ HTTP/1.1" 200 39
WARNING 2020-07-27 11:58:19,247 log 228 Bad Request: /sms_codes/13896584883/
INFO 2020-07-27 11:58:19,250 basehttp 154 "GET /mobiles/13896584883/count/ HTTP/1.1" 200 39
WARNING 2020-07-27 11:58:19,256 basehttp 154 "GET /sms_codes/13896584883/?image_code=sjhx&image_code_id=634bf15e-eaaf-400c-b2b8-0b60c4308842 HTTP/1.1" 400 63
INFO 2020-07-27 12:02:59,931 autoreload 217 /home/ubuntu/Desktop/项目阶段/meiduo_mall/meiduo_mall/apps/verifications/views.py changed, reloading.
INFO 2020-07-27 12:03:03,968 autoreload 597 Watching for file changes with StatReloader
INFO 2020-07-27 12:03:16,843 basehttp 154 "GET /image_codes/b3ea03f2-b0b9-44f1-87f9-843df01a1a58/ HTTP/1.1" 200 3268
INFO 2020-07-27 12:03:29,030 basehttp 154 "GET /mobiles/13896584883/count/ HTTP/1.1" 200 39
INFO 2020-07-27 12:03:38,781 views 74 740217
INFO 2020-07-27 12:03:38,820 basehttp 154 "GET /mobiles/13896584883/count/ HTTP/1.1" 200 39
INFO 2020-07-27 12:03:39,086 basehttp 154 "GET /sms_codes/13896584883/?image_code=nyjr&image_code_id=b3ea03f2-b0b9-44f1-87f9-843df01a1a58 HTTP/1.1" 200 73
INFO 2020-07-27 12:04:18,120 basehttp 154 "GET /image_codes/4c161d22-f666-4808-a364-5ac7d76f75b1/ HTTP/1.1" 200 3051
INFO 2020-07-27 12:04:34,773 basehttp 154 "GET /mobiles/13896584883/count/ HTTP/1.1" 200 39
INFO 2020-07-27 12:04:39,858 views 74 564165
INFO 2020-07-27 12:04:39,896 basehttp 154 "GET /mobiles/13896584883/count/ HTTP/1.1" 200 39
INFO 2020-07-27 12:04:40,136 basehttp 154 "GET /sms_codes/13896584883/?image_code=ydga&image_code_id=4c161d22-f666-4808-a364-5ac7d76f75b1 HTTP/1.1" 200 73
WARNING 2020-07-27 12:06:00,765 log 228 Bad Request: /sms_codes/13896584883/
WARNING 2020-07-27 12:06:00,765 basehttp 154 "GET /sms_codes/13896584883/?image_code=ydga&image_code_id=4c161d22-f666-4808-a364-5ac7d76f75b1 HTTP/1.1" 400 51
INFO 2020-07-27 12:06:00,834 basehttp 154 "GET /mobiles/13896584883/count/ HTTP/1.1" 200 39
INFO 2020-07-27 12:07:03,557 basehttp 154 "GET /image_codes/f566a715-8b15-481d-84d3-0f486e428ecf/ HTTP/1.1" 200 3462
INFO 2020-07-27 12:07:08,751 basehttp 154 "GET /image_codes/a3c00473-a29d-4a30-b3b8-78744e66c007/ HTTP/1.1" 200 3569
INFO 2020-07-27 12:07:15,460 basehttp 154 "GET /image_codes/266f279a-1f75-4495-980c-06ec4f3791d8/ HTTP/1.1" 200 3670
WARNING 2020-07-27 12:07:22,495 log 228 Bad Request: /sms_codes/13896584883/
WARNING 2020-07-27 12:07:22,500 basehttp 154 "GET /sms_codes/13896584883/?image_code=r8fb&image_code_id=266f279a-1f75-4495-980c-06ec4f3791d8 HTTP/1.1" 400 42
INFO 2020-07-27 12:07:22,605 basehttp 154 "GET /mobiles/13896584883/count/ HTTP/1.1" 200 39
INFO 2020-07-27 12:07:32,082 basehttp 154 "GET /image_codes/80dc8405-0d46-4216-9772-9ce03dc635e3/ HTTP/1.1" 200 2850
INFO 2020-07-27 12:07:38,933 views 74 591327
INFO 2020-07-27 12:07:38,970 basehttp 154 "GET /mobiles/13896584883/count/ HTTP/1.1" 200 39
INFO 2020-07-27 12:07:39,151 basehttp 154 "GET /sms_codes/13896584883/?image_code=lwar&image_code_id=80dc8405-0d46-4216-9772-9ce03dc635e3 HTTP/1.1" 200 73
INFO 2020-07-27 12:07:50,315 basehttp 154 "GET /mobiles/13896584883/count/ HTTP/1.1" 200 39
WARNING 2020-07-27 12:08:03,220 log 228 Bad Request: /sms_codes/13896584883/
WARNING 2020-07-27 12:08:03,236 basehttp 154 "GET /sms_codes/13896584883/?image_code=flvu&image_code_id=f566a715-8b15-481d-84d3-0f486e428ecf HTTP/1.1" 400 42
INFO 2020-07-27 12:08:03,312 basehttp 154 "GET /mobiles/13896584883/count/ HTTP/1.1" 200 39
INFO 2020-07-27 12:22:30,345 autoreload 217 /home/ubuntu/Desktop/项目阶段/meiduo_mall/meiduo_mall/apps/verifications/views.py changed, reloading.
INFO 2020-07-27 12:22:35,214 autoreload 597 Watching for file changes with StatReloader
INFO 2020-07-28 04:01:06,293 autoreload 597 Watching for file changes with StatReloader
INFO 2020-07-28 04:15:02,908 basehttp 154 "GET /image_codes/772f21f8-596d-4fe2-89df-470d45867019/ HTTP/1.1" 200 3264
INFO 2020-07-28 04:15:07,207 basehttp 154 "GET /mobiles/13896584883/count/ HTTP/1.1" 200 39
INFO 2020-07-28 04:15:08,029 basehttp 154 "GET /image_codes/57ff43c7-5ca0-4d4c-ad11-b372591c9b38/ HTTP/1.1" 200 3187
INFO 2020-07-28 04:15:09,098 basehttp 154 "GET /image_codes/24c23b31-5677-4320-8433-cceb3ead779c/ HTTP/1.1" 200 3059
INFO 2020-07-28 04:15:12,057 basehttp 154 "GET /image_codes/54b64c4b-77a9-4629-bf35-4c62962f8379/ HTTP/1.1" 200 3169
WARNING 2020-07-28 04:15:29,571 log 228 Bad Request: /sms_codes/13896584883/
WARNING 2020-07-28 04:15:29,573 basehttp 154 "GET /sms_codes/13896584883/?image_code=wd5d&image_code_id=54b64c4b-77a9-4629-bf35-4c62962f8379 HTTP/1.1" 400 42
INFO 2020-07-28 04:15:29,576 basehttp 154 "GET /mobiles/13896584883/count/ HTTP/1.1" 200 39
INFO 2020-07-28 04:16:33,926 basehttp 154 "GET /image_codes/1abf2e58-a707-4d1e-91d8-476f25d9ee69/ HTTP/1.1" 200 3369
INFO 2020-07-28 04:16:40,188 basehttp 154 "GET /mobiles/13896584883/count/ HTTP/1.1" 200 39
INFO 2020-07-28 04:16:40,749 basehttp 154 "GET /image_codes/a2177f10-69d7-4c9b-8e0e-d262f1e4b5b4/ HTTP/1.1" 200 3071
WARNING 2020-07-28 04:16:51,955 log 228 Bad Request: /sms_codes/13896584883/
WARNING 2020-07-28 04:16:51,961 basehttp 154 "GET /sms_codes/13896584883/?image_code=7g7s&image_code_id=a2177f10-69d7-4c9b-8e0e-d262f1e4b5b4 HTTP/1.1" 400 42
INFO 2020-07-28 04:16:51,967 basehttp 154 "GET /mobiles/13896584883/count/ HTTP/1.1" 200 39
INFO 2020-07-28 04:17:05,815 basehttp 154 "GET /image_codes/ee8b793d-823c-4f2a-9938-e8fea18d7a30/ HTTP/1.1" 200 3191
INFO 2020-07-28 04:17:06,753 basehttp 154 "GET /image_codes/1e3c83ed-a67b-45d5-adf8-ec1d3e91afb0/ HTTP/1.1" 200 3833
INFO 2020-07-28 04:17:10,546 basehttp 154 "GET /image_codes/9f6d47b8-614a-4ae6-a5b7-294ee3a32488/ HTTP/1.1" 200 3285
INFO 2020-07-28 04:17:16,076 basehttp 154 "GET /mobiles/13896584883/count/ HTTP/1.1" 200 39
INFO 2020-07-28 04:17:23,561 basehttp 154 "GET /mobiles/13896584883/count/ HTTP/1.1" 200 39
INFO 2020-07-28 04:17:23,566 views 74 346647
INFO 2020-07-28 04:17:24,138 basehttp 154 "GET /sms_codes/13896584883/?image_code=9t5n&image_code_id=9f6d47b8-614a-4ae6-a5b7-294ee3a32488 HTTP/1.1" 200 73
INFO 2020-07-28 11:45:27,230 autoreload 217 /home/ubuntu/Desktop/项目阶段/meiduo_mall/meiduo_mall/apps/users/views.py changed, reloading.
INFO 2020-07-28 11:45:34,784 autoreload 597 Watching for file changes with StatReloader
INFO 2020-07-28 11:50:46,601 autoreload 217 /home/ubuntu/Desktop/项目阶段/meiduo_mall/meiduo_mall/apps/users/views.py changed, reloading.
INFO 2020-07-28 11:50:55,975 autoreload 597 Watching for file changes with StatReloader
INFO 2020-07-28 11:51:30,500 autoreload 217 /home/ubuntu/Desktop/项目阶段/meiduo_mall/meiduo_mall/apps/users/views.py changed, reloading.
INFO 2020-07-28 11:51:31,059 autoreload 597 Watching for file changes with StatReloader
INFO 2020-07-28 11:52:12,690 basehttp 154 "GET /image_codes/c1ff401a-3a19-4276-b597-32d869e52d87/ HTTP/1.1" 200 3602
INFO 2020-07-28 11:52:39,238 basehttp 154 "GET /mobiles/13896584883/count/ HTTP/1.1" 200 39
INFO 2020-07-28 11:52:43,187 basehttp 154 "GET /mobiles/13896584883/count/ HTTP/1.1" 200 39
INFO 2020-07-28 11:52:43,214 views 74 496002
INFO 2020-07-28 11:52:45,390 basehttp 154 "GET /sms_codes/13896584883/?image_code=anbj&image_code_id=c1ff401a-3a19-4276-b597-32d869e52d87 HTTP/1.1" 200 73
INFO 2020-07-28 11:53:35,367 basehttp 154 "GET /mobiles/13896584883/count/ HTTP/1.1" 200 39
INFO 2020-07-28 11:53:38,436 basehttp 154 "GET /mobiles/13896584883/count/ HTTP/1.1" 200 39
INFO 2020-07-28 11:53:45,252 basehttp 154 "GET /mobiles/13896584883/count/ HTTP/1.1" 200 39
INFO 2020-07-28 11:53:45,683 basehttp 154 "GET /mobiles/13896584883/count/ HTTP/1.1" 200 39
INFO 2020-07-28 11:53:45,920 basehttp 154 "GET /mobiles/13896584883/count/ HTTP/1.1" 200 39
INFO 2020-07-28 11:53:46,101 basehttp 154 "GET /mobiles/13896584883/count/ HTTP/1.1" 200 39
INFO 2020-07-28 11:53:46,261 basehttp 154 "GET /mobiles/13896584883/count/ HTTP/1.1" 200 39
INFO 2020-07-28 11:53:46,428 basehttp 154 "GET /mobiles/13896584883/count/ HTTP/1.1" 200 39
INFO 2020-07-28 11:53:46,580 basehttp 154 "GET /mobiles/13896584883/count/ HTTP/1.1" 200 39
INFO 2020-07-28 11:53:46,734 basehttp 154 "GET /mobiles/13896584883/count/ HTTP/1.1" 200 39
INFO 2020-07-28 11:53:47,728 basehttp 154 "GET /mobiles/13896584883/count/ HTTP/1.1" 200 39
INFO 2020-07-28 11:53:47,858 basehttp 154 "GET /mobiles/13896584883/count/ HTTP/1.1" 200 39
INFO 2020-07-28 11:53:47,977 basehttp 154 "GET /mobiles/13896584883/count/ HTTP/1.1" 200 39
INFO 2020-07-28 11:53:48,121 basehttp 154 "GET /mobiles/13896584883/count/ HTTP/1.1" 200 39
INFO 2020-07-28 11:54:43,778 basehttp 154 "GET /mobiles/13896584883/count/ HTTP/1.1" 200 39
INFO 2020-07-28 11:54:44,529 basehttp 154 "GET /mobiles/13896584883/count/ HTTP/1.1" 200 39
INFO 2020-07-28 11:54:44,966 basehttp 154 "GET /mobiles/13896584883/count/ HTTP/1.1" 200 39
INFO 2020-07-28 11:54:45,289 basehttp 154 "GET /mobiles/13896584883/count/ HTTP/1.1" 200 39
INFO 2020-07-28 11:54:45,559 basehttp 154 "GET /mobiles/13896584883/count/ HTTP/1.1" 200 39
INFO 2020-07-28 11:54:45,738 basehttp 154 "GET /mobiles/13896584883/count/ HTTP/1.1" 200 39
INFO 2020-07-28 11:54:45,943 basehttp 154 "GET /mobiles/13896584883/count/ HTTP/1.1" 200 39
INFO 2020-07-28 11:54:46,103 basehttp 154 "GET /mobiles/13896584883/count/ HTTP/1.1" 200 39
INFO 2020-07-28 11:54:46,289 basehttp 154 "GET /mobiles/13896584883/count/ HTTP/1.1" 200 39
INFO 2020-07-28 11:54:46,467 basehttp 154 "GET /mobiles/13896584883/count/ HTTP/1.1" 200 39
INFO 2020-07-28 11:54:46,595 basehttp 154 "GET /mobiles/13896584883/count/ HTTP/1.1" 200 39
INFO 2020-07-28 11:54:46,722 basehttp 154 "GET /mobiles/13896584883/count/ HTTP/1.1" 200 39
INFO 2020-07-28 11:54:46,972 basehttp 154 "GET /mobiles/13896584883/count/ HTTP/1.1" 200 39
INFO 2020-07-28 11:58:04,616 basehttp 154 "GET /image_codes/38cb354d-cfcc-40f1-b8e5-843270b6b7ce/ HTTP/1.1" 200 3569
INFO 2020-07-28 11:58:21,521 basehttp 154 "GET /usernames/12321433r/count/ HTTP/1.1" 200 39
INFO 2020-07-28 11:58:34,129 basehttp 154 "GET /mobiles/13896584883/count/ HTTP/1.1" 200 39
INFO 2020-07-28 11:58:40,896 basehttp 154 "GET /mobiles/13896584883/count/ HTTP/1.1" 200 39
INFO 2020-07-28 11:58:40,910 views 74 284480
INFO 2020-07-28 11:58:40,939 basehttp 154 "GET /sms_codes/13896584883/?image_code=yrnh&image_code_id=38cb354d-cfcc-40f1-b8e5-843270b6b7ce HTTP/1.1" 200 73
INFO 2020-07-28 11:59:00,738 basehttp 154 "GET /usernames/12321433r/count/ HTTP/1.1" 200 39
INFO 2020-07-28 11:59:00,747 basehttp 154 "GET /mobiles/13896584883/count/ HTTP/1.1" 200 39
INFO 2020-07-28 11:59:02,535 basehttp 154 "GET /usernames/12321433r/count/ HTTP/1.1" 200 39
INFO 2020-07-28 11:59:02,542 basehttp 154 "GET /mobiles/13896584883/count/ HTTP/1.1" 200 39
INFO 2020-07-28 11:59:02,712 basehttp 154 "OPTIONS /register/ HTTP/1.1" 200 0
WARNING 2020-07-28 11:59:02,755 log 228 Not Found: /register/
WARNING 2020-07-28 11:59:02,756 basehttp 154 "POST /register/ HTTP/1.1" 404 2738
INFO 2020-07-28 12:32:24,293 autoreload 217 /home/ubuntu/Desktop/项目阶段/meiduo_mall/meiduo_mall/apps/users/views.py changed, reloading.
INFO 2020-07-28 12:32:26,972 autoreload 597 Watching for file changes with StatReloader
INFO 2020-07-29 03:01:16,262 autoreload 597 Watching for file changes with StatReloader
INFO 2020-07-29 03:01:24,037 basehttp 154 "GET /image_codes/372e2579-b7b4-439f-84b8-202bc31fbd41/ HTTP/1.1" 200 2760
INFO 2020-07-29 03:01:28,724 basehttp 154 "GET /usernames/shawn/count/ HTTP/1.1" 200 39
INFO 2020-07-29 03:01:38,016 basehttp 154 "GET /usernames/shawn/count/ HTTP/1.1" 200 39
INFO 2020-07-29 03:02:14,758 basehttp 154 "GET /usernames/shawn/count/ HTTP/1.1" 200 39
INFO 2020-07-29 03:02:22,613 basehttp 154 "GET /mobiles/13896584883/count/ HTTP/1.1" 200 39
INFO 2020-07-29 03:02:23,343 basehttp 154 "GET /image_codes/d9520966-c093-4543-9d4a-9ef8dd23642a/ HTTP/1.1" 200 3312
INFO 2020-07-29 03:02:24,679 basehttp 154 "GET /image_codes/ef2cc868-88af-4462-9c7f-e07166eaabed/ HTTP/1.1" 200 3235
INFO 2020-07-29 03:02:34,597 views 74 381640
INFO 2020-07-29 03:02:34,599 basehttp 154 "GET /mobiles/13896584883/count/ HTTP/1.1" 200 39
INFO 2020-07-29 03:02:35,951 basehttp 154 "GET /sms_codes/13896584883/?image_code=hme8&image_code_id=ef2cc868-88af-4462-9c7f-e07166eaabed HTTP/1.1" 200 73
INFO 2020-07-29 03:02:55,048 basehttp 154 "GET /mobiles/13896584883/count/ HTTP/1.1" 200 39
INFO 2020-07-29 03:02:55,056 basehttp 154 "GET /usernames/shawn/count/ HTTP/1.1" 200 39
INFO 2020-07-29 03:02:55,155 basehttp 154 "OPTIONS /register/ HTTP/1.1" 200 0
WARNING 2020-07-29 03:02:55,307 log 228 Forbidden (CSRF cookie not set.): /register/
WARNING 2020-07-29 03:02:55,309 basehttp 154 "POST /register/ HTTP/1.1" 403 2868
INFO 2020-07-29 03:03:03,113 basehttp 154 "GET /usernames/shawn/count/ HTTP/1.1" 200 39
INFO 2020-07-29 03:03:03,117 basehttp 154 "GET /mobiles/13896584883/count/ HTTP/1.1" 200 39
WARNING 2020-07-29 03:03:03,134 log 228 Forbidden (CSRF cookie not set.): /register/
WARNING 2020-07-29 03:03:03,138 basehttp 154 "POST /register/ HTTP/1.1" 403 2868
INFO 2020-07-29 03:03:53,673 autoreload 217 /home/ubuntu/Desktop/项目阶段/meiduo_mall/meiduo_mall/settings/dev.py changed, reloading.
INFO 2020-07-29 03:03:55,560 autoreload 597 Watching for file changes with StatReloader
INFO 2020-07-29 03:04:13,458 basehttp 154 "GET /image_codes/4419e68e-f2bc-481a-810f-cfaea5fc78ff/ HTTP/1.1" 200 3318
INFO 2020-07-29 03:04:20,796 basehttp 154 "GET /usernames/shawn/count/ HTTP/1.1" 200 39
INFO 2020-07-29 03:04:37,957 basehttp 154 "GET /image_codes/eeb7586e-751d-4a07-bf3a-5e9e5e5377a6/ HTTP/1.1" 200 2900
INFO 2020-07-29 03:04:40,073 basehttp 154 "GET /image_codes/6c40ea5d-b72c-4a0c-81ca-484c053aa029/ HTTP/1.1" 200 3153
INFO 2020-07-29 03:05:07,209 basehttp 154 "GET /usernames/shawn/count/ HTTP/1.1" 200 39
INFO 2020-07-29 03:05:11,232 basehttp 154 "GET /usernames/shawn/count/ HTTP/1.1" 200 39
INFO 2020-07-29 03:05:14,072 basehttp 154 "GET /usernames/shawn/count/ HTTP/1.1" 200 39
INFO 2020-07-29 03:08:31,043 basehttp 154 "GET /usernames/shawn/count/ HTTP/1.1" 200 39
WARNING 2020-07-29 03:08:31,266 log 228 Not Found: /favicon.ico
WARNING 2020-07-29 03:08:31,272 basehttp 154 "GET /favicon.ico HTTP/1.1" 404 2901
INFO 2020-07-29 03:09:32,379 basehttp 154 "GET /image_codes/c350d805-45b5-43dd-83b3-d653bc628ce6/ HTTP/1.1" 200 3065
INFO 2020-07-29 03:09:39,745 basehttp 154 "GET /usernames/shawn/count/ HTTP/1.1" 200 39
INFO 2020-07-29 03:09:56,145 basehttp 154 "GET /mobiles/13896584883/count/ HTTP/1.1" 200 39
INFO 2020-07-29 03:10:00,925 views 74 672385
INFO 2020-07-29 03:10:00,931 basehttp 154 "GET /mobiles/13896584883/count/ HTTP/1.1" 200 39
INFO 2020-07-29 03:10:01,304 basehttp 154 "GET /sms_codes/13896584883/?image_code=ysrt&image_code_id=c350d805-45b5-43dd-83b3-d653bc628ce6 HTTP/1.1" 200 73
INFO 2020-07-29 03:10:17,969 basehttp 154 "GET /mobiles/13896584883/count/ HTTP/1.1" 200 39
INFO 2020-07-29 03:10:17,973 basehttp 154 "GET /usernames/shawn/count/ HTTP/1.1" 200 39
INFO 2020-07-29 03:10:18,209 basehttp 154 "POST /register/ HTTP/1.1" 200 27
WARNING 2020-07-29 03:10:19,192 log 228 Not Found: /carts/simple/
WARNING 2020-07-29 03:10:19,201 basehttp 154 "GET /carts/simple/ HTTP/1.1" 404 2907
INFO 2020-07-29 03:36:19,127 autoreload 217 /home/ubuntu/Desktop/项目阶段/meiduo_mall/meiduo_mall/apps/users/views.py changed, reloading.
INFO 2020-07-29 03:36:21,835 autoreload 597 Watching for file changes with StatReloader
INFO 2020-07-29 03:36:49,631 basehttp 154 "GET /image_codes/7d92660e-9bf8-483c-a6f9-548a28500fe0/ HTTP/1.1" 200 3121
INFO 2020-07-29 03:36:52,037 basehttp 154 "GET /usernames/shawn/count/ HTTP/1.1" 200 39
INFO 2020-07-29 03:37:04,541 basehttp 154 "GET /mobiles/13896584883/count/ HTTP/1.1" 200 39
INFO 2020-07-29 03:37:05,580 basehttp 154 "GET /image_codes/23744958-bf47-4817-9293-ed2e4f4949d3/ HTTP/1.1" 200 3266
INFO 2020-07-29 03:37:15,401 views 74 648930
INFO 2020-07-29 03:37:15,408 basehttp 154 "GET /mobiles/13896584883/count/ HTTP/1.1" 200 39
INFO 2020-07-29 03:37:16,426 basehttp 154 "GET /sms_codes/13896584883/?image_code=gewm&image_code_id=23744958-bf47-4817-9293-ed2e4f4949d3 HTTP/1.1" 200 73
INFO 2020-07-29 03:37:31,249 basehttp 154 "GET /mobiles/13896584883/count/ HTTP/1.1" 200 39
INFO 2020-07-29 03:37:31,256 basehttp 154 "GET /usernames/shawn/count/ HTTP/1.1" 200 39
INFO 2020-07-29 03:37:31,285 basehttp 154 "OPTIONS /register/ HTTP/1.1" 200 0
INFO 2020-07-29 03:37:31,318 basehttp 154 "POST /register/ HTTP/1.1" 200 27
WARNING 2020-07-29 03:37:32,070 log 228 Not Found: /carts/simple/
WARNING 2020-07-29 03:37:32,071 basehttp 154 "GET /carts/simple/ HTTP/1.1" 404 2907
INFO 2020-07-29 04:39:22,063 autoreload 217 /home/ubuntu/Desktop/项目阶段/meiduo_mall/meiduo_mall/apps/users/views.py changed, reloading.
INFO 2020-07-29 04:39:25,028 autoreload 597 Watching for file changes with StatReloader
WARNING 2020-07-29 04:39:55,060 log 228 Not Found: /carts/simple/
WARNING 2020-07-29 04:39:55,063 basehttp 154 "GET /carts/simple/ HTTP/1.1" 404 3062
WARNING 2020-07-29 04:40:24,910 log 228 Not Found: /carts/simple/
WARNING 2020-07-29 04:40:24,912 basehttp 154 "GET /carts/simple/ HTTP/1.1" 404 3062
INFO 2020-07-29 04:40:58,134 basehttp 154 "OPTIONS /login/ HTTP/1.1" 200 0
ERROR 2020-07-29 04:40:58,355 log 228 Internal Server Error: /login/
Traceback (most recent call last):
  File "/home/ubuntu/.virtualenvs/my_first_virtualenv/lib/python3.6/site-packages/django/core/handlers/exception.py", line 34, in inner
    response = get_response(request)
  File "/home/ubuntu/.virtualenvs/my_first_virtualenv/lib/python3.6/site-packages/django/core/handlers/base.py", line 115, in _get_response
    response = self.process_exception_by_middleware(e, request)
  File "/home/ubuntu/.virtualenvs/my_first_virtualenv/lib/python3.6/site-packages/django/core/handlers/base.py", line 113, in _get_response
    response = wrapped_callback(request, *callback_args, **callback_kwargs)
  File "/home/ubuntu/.virtualenvs/my_first_virtualenv/lib/python3.6/site-packages/django/views/generic/base.py", line 71, in view
    return self.dispatch(request, *args, **kwargs)
  File "/home/ubuntu/.virtualenvs/my_first_virtualenv/lib/python3.6/site-packages/django/views/generic/base.py", line 97, in dispatch
    return handler(request, *args, **kwargs)
  File "/home/ubuntu/Desktop/项目阶段/meiduo_mall/meiduo_mall/apps/users/views.py", line 158, in post
    dict = json.loads(request.body().decode())
TypeError: 'bytes' object is not callable
ERROR 2020-07-29 04:40:58,536 basehttp 154 "POST /login/ HTTP/1.1" 500 79630
INFO 2020-07-29 04:44:59,583 autoreload 597 Watching for file changes with StatReloader
ERROR 2020-07-29 04:45:06,513 log 228 Internal Server Error: /login/
Traceback (most recent call last):
  File "/home/ubuntu/.virtualenvs/my_first_virtualenv/lib/python3.6/site-packages/django/core/handlers/exception.py", line 34, in inner
    response = get_response(request)
  File "/home/ubuntu/.virtualenvs/my_first_virtualenv/lib/python3.6/site-packages/django/core/handlers/base.py", line 115, in _get_response
    response = self.process_exception_by_middleware(e, request)
  File "/home/ubuntu/.virtualenvs/my_first_virtualenv/lib/python3.6/site-packages/django/core/handlers/base.py", line 113, in _get_response
    response = wrapped_callback(request, *callback_args, **callback_kwargs)
  File "/home/ubuntu/.virtualenvs/my_first_virtualenv/lib/python3.6/site-packages/django/views/generic/base.py", line 71, in view
    return self.dispatch(request, *args, **kwargs)
  File "/home/ubuntu/.virtualenvs/my_first_virtualenv/lib/python3.6/site-packages/django/views/generic/base.py", line 97, in dispatch
    return handler(request, *args, **kwargs)
  File "/home/ubuntu/Desktop/项目阶段/meiduo_mall/meiduo_mall/apps/users/views.py", line 158, in post
    dict = json.loads(request.body().decode())
TypeError: 'bytes' object is not callable
ERROR 2020-07-29 04:45:06,517 basehttp 154 "POST /login/ HTTP/1.1" 500 79630
ERROR 2020-07-29 04:45:08,900 log 228 Internal Server Error: /login/
Traceback (most recent call last):
  File "/home/ubuntu/.virtualenvs/my_first_virtualenv/lib/python3.6/site-packages/django/core/handlers/exception.py", line 34, in inner
    response = get_response(request)
  File "/home/ubuntu/.virtualenvs/my_first_virtualenv/lib/python3.6/site-packages/django/core/handlers/base.py", line 115, in _get_response
    response = self.process_exception_by_middleware(e, request)
  File "/home/ubuntu/.virtualenvs/my_first_virtualenv/lib/python3.6/site-packages/django/core/handlers/base.py", line 113, in _get_response
    response = wrapped_callback(request, *callback_args, **callback_kwargs)
  File "/home/ubuntu/.virtualenvs/my_first_virtualenv/lib/python3.6/site-packages/django/views/generic/base.py", line 71, in view
    return self.dispatch(request, *args, **kwargs)
  File "/home/ubuntu/.virtualenvs/my_first_virtualenv/lib/python3.6/site-packages/django/views/generic/base.py", line 97, in dispatch
    return handler(request, *args, **kwargs)
  File "/home/ubuntu/Desktop/项目阶段/meiduo_mall/meiduo_mall/apps/users/views.py", line 158, in post
    dict = json.loads(request.body().decode())
TypeError: 'bytes' object is not callable
ERROR 2020-07-29 04:45:08,903 basehttp 154 "POST /login/ HTTP/1.1" 500 79630
ERROR 2020-07-29 04:45:26,201 log 228 Internal Server Error: /login/
Traceback (most recent call last):
  File "/home/ubuntu/.virtualenvs/my_first_virtualenv/lib/python3.6/site-packages/django/core/handlers/exception.py", line 34, in inner
    response = get_response(request)
  File "/home/ubuntu/.virtualenvs/my_first_virtualenv/lib/python3.6/site-packages/django/core/handlers/base.py", line 115, in _get_response
    response = self.process_exception_by_middleware(e, request)
  File "/home/ubuntu/.virtualenvs/my_first_virtualenv/lib/python3.6/site-packages/django/core/handlers/base.py", line 113, in _get_response
    response = wrapped_callback(request, *callback_args, **callback_kwargs)
  File "/home/ubuntu/.virtualenvs/my_first_virtualenv/lib/python3.6/site-packages/django/views/generic/base.py", line 71, in view
    return self.dispatch(request, *args, **kwargs)
  File "/home/ubuntu/.virtualenvs/my_first_virtualenv/lib/python3.6/site-packages/django/views/generic/base.py", line 97, in dispatch
    return handler(request, *args, **kwargs)
  File "/home/ubuntu/Desktop/项目阶段/meiduo_mall/meiduo_mall/apps/users/views.py", line 158, in post
    dict = json.loads(request.body().decode())
TypeError: 'bytes' object is not callable
ERROR 2020-07-29 04:45:26,202 basehttp 154 "POST /login/ HTTP/1.1" 500 79630
INFO 2020-07-29 04:48:19,555 autoreload 217 /home/ubuntu/Desktop/项目阶段/meiduo_mall/meiduo_mall/apps/users/views.py changed, reloading.
INFO 2020-07-29 04:48:20,139 autoreload 597 Watching for file changes with StatReloader
INFO 2020-07-29 04:48:35,552 basehttp 154 "POST /login/ HTTP/1.1" 200 51
INFO 2020-07-29 04:49:31,400 basehttp 154 "POST /login/ HTTP/1.1" 200 51
INFO 2020-07-29 04:49:39,179 basehttp 154 "POST /login/ HTTP/1.1" 200 51
INFO 2020-07-29 04:52:44,627 basehttp 154 "OPTIONS /login/ HTTP/1.1" 200 0
INFO 2020-07-29 04:52:44,722 basehttp 154 "POST /login/ HTTP/1.1" 200 51
INFO 2020-07-29 04:53:39,659 autoreload 217 /home/ubuntu/Desktop/项目阶段/meiduo_mall/meiduo_mall/apps/users/views.py changed, reloading.
INFO 2020-07-29 04:53:40,204 autoreload 597 Watching for file changes with StatReloader
INFO 2020-07-29 04:53:41,072 basehttp 154 "POST /login/ HTTP/1.1" 200 51
INFO 2020-07-29 04:54:49,205 autoreload 597 Watching for file changes with StatReloader
INFO 2020-07-29 04:54:55,186 basehttp 154 "POST /login/ HTTP/1.1" 200 51
INFO 2020-07-29 04:54:57,216 basehttp 154 "POST /login/ HTTP/1.1" 200 51
INFO 2020-07-29 04:54:57,785 basehttp 154 "POST /login/ HTTP/1.1" 200 51
INFO 2020-07-29 04:54:58,403 basehttp 154 "POST /login/ HTTP/1.1" 200 51
INFO 2020-07-29 04:55:47,776 autoreload 217 /home/ubuntu/Desktop/项目阶段/meiduo_mall/meiduo_mall/apps/users/views.py changed, reloading.
INFO 2020-07-29 04:55:48,417 autoreload 597 Watching for file changes with StatReloader
INFO 2020-07-29 04:55:50,504 basehttp 154 "POST /login/ HTTP/1.1" 200 49
WARNING 2020-07-29 04:55:51,822 log 228 Not Found: /carts/simple/
WARNING 2020-07-29 04:55:51,831 basehttp 154 "GET /carts/simple/ HTTP/1.1" 404 3062
INFO 2020-07-29 06:10:51,396 autoreload 217 /home/ubuntu/Desktop/项目阶段/meiduo_mall/meiduo_mall/apps/users/views.py changed, reloading.
INFO 2020-07-29 06:10:54,448 autoreload 597 Watching for file changes with StatReloader
INFO 2020-07-29 06:11:07,548 basehttp 154 "OPTIONS /login/ HTTP/1.1" 200 0
ERROR 2020-07-29 06:11:07,789 log 228 Internal Server Error: /login/
Traceback (most recent call last):
  File "/home/ubuntu/.virtualenvs/my_first_virtualenv/lib/python3.6/site-packages/django/core/handlers/exception.py", line 34, in inner
    response = get_response(request)
  File "/home/ubuntu/.virtualenvs/my_first_virtualenv/lib/python3.6/site-packages/django/core/handlers/base.py", line 115, in _get_response
    response = self.process_exception_by_middleware(e, request)
  File "/home/ubuntu/.virtualenvs/my_first_virtualenv/lib/python3.6/site-packages/django/core/handlers/base.py", line 113, in _get_response
    response = wrapped_callback(request, *callback_args, **callback_kwargs)
  File "/home/ubuntu/.virtualenvs/my_first_virtualenv/lib/python3.6/site-packages/django/views/generic/base.py", line 71, in view
    return self.dispatch(request, *args, **kwargs)
  File "/home/ubuntu/.virtualenvs/my_first_virtualenv/lib/python3.6/site-packages/django/views/generic/base.py", line 97, in dispatch
    return handler(request, *args, **kwargs)
  File "/home/ubuntu/Desktop/项目阶段/meiduo_mall/meiduo_mall/apps/users/views.py", line 201, in post
    user.authenticate(request, username=username, password=password)
AttributeError: 'User' object has no attribute 'authenticate'
ERROR 2020-07-29 06:11:07,791 basehttp 154 "POST /login/ HTTP/1.1" 500 80852
INFO 2020-07-29 06:17:26,159 autoreload 217 /home/ubuntu/Desktop/项目阶段/meiduo_mall/meiduo_mall/apps/users/views.py changed, reloading.
INFO 2020-07-29 06:17:27,285 autoreload 597 Watching for file changes with StatReloader
INFO 2020-07-29 06:17:28,577 basehttp 154 "POST /login/ HTTP/1.1" 200 81
INFO 2020-07-29 06:17:31,337 basehttp 154 "POST /login/ HTTP/1.1" 200 81
INFO 2020-07-29 06:17:32,432 basehttp 154 "POST /login/ HTTP/1.1" 200 81
INFO 2020-07-29 06:17:41,649 basehttp 154 "POST /login/ HTTP/1.1" 200 81
INFO 2020-07-29 06:17:42,851 basehttp 154 "POST /login/ HTTP/1.1" 200 81
INFO 2020-07-29 06:18:06,211 autoreload 597 Watching for file changes with StatReloader
INFO 2020-07-29 06:18:10,198 basehttp 154 "POST /login/ HTTP/1.1" 200 81
INFO 2020-07-29 06:18:11,382 basehttp 154 "POST /login/ HTTP/1.1" 200 81
INFO 2020-07-29 06:19:36,167 basehttp 154 "POST /login/ HTTP/1.1" 200 81
INFO 2020-07-29 06:19:39,646 basehttp 154 "POST /login/ HTTP/1.1" 200 81
INFO 2020-07-29 06:21:09,818 basehttp 154 "OPTIONS /login/ HTTP/1.1" 200 0
INFO 2020-07-29 06:21:09,875 basehttp 154 "POST /login/ HTTP/1.1" 200 81
INFO 2020-07-29 06:21:30,875 basehttp 154 "POST /login/ HTTP/1.1" 200 81
INFO 2020-07-29 06:22:09,660 autoreload 597 Watching for file changes with StatReloader
ERROR 2020-07-29 06:22:13,557 log 228 Internal Server Error: /login/
Traceback (most recent call last):
  File "/home/ubuntu/.virtualenvs/my_first_virtualenv/lib/python3.6/site-packages/django/core/handlers/exception.py", line 34, in inner
    response = get_response(request)
  File "/home/ubuntu/.virtualenvs/my_first_virtualenv/lib/python3.6/site-packages/django/core/handlers/base.py", line 126, in _get_response
    "returned None instead." % (callback.__module__, view_name)
ValueError: The view users.views.LoginView didn't return an HttpResponse object. It returned None instead.
ERROR 2020-07-29 06:22:13,559 basehttp 154 "POST /login/ HTTP/1.1" 500 61254
ERROR 2020-07-29 06:22:40,480 log 228 Internal Server Error: /login/
Traceback (most recent call last):
  File "/home/ubuntu/.virtualenvs/my_first_virtualenv/lib/python3.6/site-packages/django/core/handlers/exception.py", line 34, in inner
    response = get_response(request)
  File "/home/ubuntu/.virtualenvs/my_first_virtualenv/lib/python3.6/site-packages/django/core/handlers/base.py", line 126, in _get_response
    "returned None instead." % (callback.__module__, view_name)
ValueError: The view users.views.LoginView didn't return an HttpResponse object. It returned None instead.
ERROR 2020-07-29 06:22:40,481 basehttp 154 "POST /login/ HTTP/1.1" 500 61254
INFO 2020-07-29 06:24:29,138 autoreload 217 /home/ubuntu/Desktop/项目阶段/meiduo_mall/meiduo_mall/apps/users/views.py changed, reloading.
INFO 2020-07-29 06:24:30,273 autoreload 597 Watching for file changes with StatReloader
INFO 2020-07-29 06:24:43,896 basehttp 154 "POST /login/ HTTP/1.1" 200 81
INFO 2020-07-29 06:27:59,861 autoreload 597 Watching for file changes with StatReloader
INFO 2020-07-29 06:34:15,171 basehttp 154 "OPTIONS /login/ HTTP/1.1" 200 0
WARNING 2020-07-29 06:43:09,311 log 228 Not Found: /carts/simple/
WARNING 2020-07-29 06:43:09,322 basehttp 154 "GET /carts/simple/ HTTP/1.1" 404 3062
INFO 2020-07-29 06:43:30,332 basehttp 154 "OPTIONS /login/ HTTP/1.1" 200 0
INFO 2020-07-29 07:00:13,616 autoreload 217 /home/ubuntu/Desktop/项目阶段/meiduo_mall/meiduo_mall/apps/users/views.py changed, reloading.
INFO 2020-07-29 07:00:18,175 autoreload 597 Watching for file changes with StatReloader
INFO 2020-07-29 07:00:27,985 basehttp 154 "OPTIONS /login/ HTTP/1.1" 200 0
ERROR 2020-07-29 07:00:28,599 log 228 Internal Server Error: /login/
Traceback (most recent call last):
  File "/home/ubuntu/.virtualenvs/my_first_virtualenv/lib/python3.6/site-packages/django/core/handlers/exception.py", line 34, in inner
    response = get_response(request)
  File "/home/ubuntu/.virtualenvs/my_first_virtualenv/lib/python3.6/site-packages/django/core/handlers/base.py", line 115, in _get_response
    response = self.process_exception_by_middleware(e, request)
  File "/home/ubuntu/.virtualenvs/my_first_virtualenv/lib/python3.6/site-packages/django/core/handlers/base.py", line 113, in _get_response
    response = wrapped_callback(request, *callback_args, **callback_kwargs)
  File "/home/ubuntu/.virtualenvs/my_first_virtualenv/lib/python3.6/site-packages/django/views/generic/base.py", line 71, in view
    return self.dispatch(request, *args, **kwargs)
  File "/home/ubuntu/.virtualenvs/my_first_virtualenv/lib/python3.6/site-packages/django/views/generic/base.py", line 97, in dispatch
    return handler(request, *args, **kwargs)
  File "/home/ubuntu/Desktop/项目阶段/meiduo_mall/meiduo_mall/apps/users/views.py", line 214, in post
    request.session.set_expriry(None)
AttributeError: 'SessionStore' object has no attribute 'set_expriry'
ERROR 2020-07-29 07:00:28,607 basehttp 154 "POST /login/ HTTP/1.1" 500 82772
INFO 2020-07-29 07:01:09,906 autoreload 217 /home/ubuntu/Desktop/项目阶段/meiduo_mall/meiduo_mall/apps/users/views.py changed, reloading.
INFO 2020-07-29 07:01:12,419 autoreload 597 Watching for file changes with StatReloader
INFO 2020-07-29 07:01:23,470 basehttp 154 "POST /login/ HTTP/1.1" 200 27
WARNING 2020-07-29 07:01:25,127 log 228 Not Found: /carts/simple/
WARNING 2020-07-29 07:01:25,129 basehttp 154 "GET /carts/simple/ HTTP/1.1" 404 3062
WARNING 2020-07-29 07:08:05,111 log 228 Not Found: /carts/simple/
WARNING 2020-07-29 07:08:05,121 basehttp 154 "GET /carts/simple/ HTTP/1.1" 404 3062
INFO 2020-07-29 08:22:07,172 autoreload 217 /home/ubuntu/Desktop/项目阶段/meiduo_mall/meiduo_mall/apps/users/views.py changed, reloading.
INFO 2020-07-29 08:22:11,476 autoreload 597 Watching for file changes with StatReloader
INFO 2020-07-29 08:22:15,930 basehttp 154 "OPTIONS /logout/ HTTP/1.1" 200 0
INFO 2020-07-29 08:22:15,976 basehttp 154 "DELETE /logout/ HTTP/1.1" 200 27
INFO 2020-07-29 08:22:39,848 basehttp 154 "OPTIONS /login/ HTTP/1.1" 200 0
INFO 2020-07-29 08:22:39,987 basehttp 154 "POST /login/ HTTP/1.1" 200 27
WARNING 2020-07-29 08:22:40,965 log 228 Not Found: /carts/simple/
WARNING 2020-07-29 08:22:40,975 basehttp 154 "GET /carts/simple/ HTTP/1.1" 404 3218
INFO 2020-07-29 08:23:24,916 basehttp 154 "DELETE /logout/ HTTP/1.1" 200 27
INFO 2020-07-29 08:33:58,556 autoreload 217 /home/ubuntu/Desktop/项目阶段/meiduo_mall/meiduo_mall/apps/users/urls.py changed, reloading.
INFO 2020-07-29 08:34:00,236 autoreload 597 Watching for file changes with StatReloader
INFO 2020-07-29 09:02:47,042 autoreload 217 /home/ubuntu/Desktop/项目阶段/meiduo_mall/meiduo_mall/apps/users/urls.py changed, reloading.
INFO 2020-07-29 09:02:49,682 autoreload 597 Watching for file changes with StatReloader
INFO 2020-07-29 09:07:32,222 autoreload 217 /home/ubuntu/Desktop/项目阶段/meiduo_mall/meiduo_mall/apps/users/views.py changed, reloading.
INFO 2020-07-29 09:07:33,877 autoreload 597 Watching for file changes with StatReloader
INFO 2020-07-29 09:24:07,794 autoreload 217 /home/ubuntu/Desktop/项目阶段/meiduo_mall/meiduo_mall/apps/users/views.py changed, reloading.
INFO 2020-07-29 09:24:09,694 autoreload 597 Watching for file changes with StatReloader
INFO 2020-07-29 09:25:25,091 autoreload 597 Watching for file changes with StatReloader
INFO 2020-07-29 09:29:24,855 autoreload 597 Watching for file changes with StatReloader
INFO 2020-07-29 09:45:03,786 autoreload 597 Watching for file changes with StatReloader
INFO 2020-07-29 09:46:08,823 autoreload 597 Watching for file changes with StatReloader
INFO 2020-07-29 09:47:59,149 autoreload 597 Watching for file changes with StatReloader
INFO 2020-07-29 09:51:41,704 autoreload 597 Watching for file changes with StatReloader
INFO 2020-07-29 09:54:45,420 autoreload 597 Watching for file changes with StatReloader
INFO 2020-07-29 09:56:17,862 autoreload 597 Watching for file changes with StatReloader
INFO 2020-07-29 10:01:19,878 autoreload 597 Watching for file changes with StatReloader
INFO 2020-07-29 10:07:06,004 autoreload 597 Watching for file changes with StatReloader
INFO 2020-07-29 10:10:24,603 autoreload 597 Watching for file changes with StatReloader
INFO 2020-07-29 10:15:43,114 autoreload 597 Watching for file changes with StatReloader
INFO 2020-07-29 10:15:56,851 autoreload 597 Watching for file changes with StatReloader
INFO 2020-07-29 10:18:11,912 autoreload 597 Watching for file changes with StatReloader
INFO 2020-07-29 10:44:31,922 autoreload 597 Watching for file changes with StatReloader
INFO 2020-07-29 10:44:38,861 autoreload 597 Watching for file changes with StatReloader
INFO 2020-07-29 11:03:59,816 autoreload 597 Watching for file changes with StatReloader
INFO 2020-07-29 11:08:11,904 autoreload 597 Watching for file changes with StatReloader
INFO 2020-07-29 11:08:31,695 autoreload 217 /home/ubuntu/Desktop/项目阶段/meiduo_mall/meiduo_mall/apps/users/urls.py changed, reloading.
INFO 2020-07-29 11:08:32,558 autoreload 597 Watching for file changes with StatReloader
INFO 2020-07-29 11:08:39,313 autoreload 597 Watching for file changes with StatReloader
INFO 2020-07-29 11:13:47,474 autoreload 597 Watching for file changes with StatReloader
INFO 2020-07-29 11:16:55,858 autoreload 597 Watching for file changes with StatReloader
INFO 2020-07-29 11:17:50,828 autoreload 217 /home/ubuntu/Desktop/项目阶段/meiduo_mall/meiduo_mall/utils/view.py changed, reloading.
INFO 2020-07-29 11:17:51,588 autoreload 597 Watching for file changes with StatReloader
INFO 2020-07-29 11:33:06,557 autoreload 597 Watching for file changes with StatReloader
INFO 2020-07-29 11:33:15,594 autoreload 217 /home/ubuntu/Desktop/项目阶段/meiduo_mall/meiduo_mall/utils/view.py changed, reloading.
INFO 2020-07-29 11:33:17,112 autoreload 597 Watching for file changes with StatReloader
INFO 2020-07-29 11:34:04,233 basehttp 154 "OPTIONS /login/ HTTP/1.1" 200 0
INFO 2020-07-29 11:34:04,457 basehttp 154 "POST /login/ HTTP/1.1" 200 51
INFO 2020-07-29 11:34:21,321 basehttp 154 "POST /login/ HTTP/1.1" 200 27
WARNING 2020-07-29 11:34:23,296 log 228 Not Found: /carts/simple/
WARNING 2020-07-29 11:34:23,296 basehttp 154 "GET /carts/simple/ HTTP/1.1" 404 3372
INFO 2020-07-29 11:34:26,451 basehttp 154 "OPTIONS /logout/ HTTP/1.1" 200 0
INFO 2020-07-29 11:34:26,534 basehttp 154 "DELETE /logout/ HTTP/1.1" 200 27
INFO 2020-07-29 11:35:21,770 basehttp 154 "POST /login/ HTTP/1.1" 200 27
WARNING 2020-07-29 11:35:23,543 log 228 Not Found: /carts/simple/
WARNING 2020-07-29 11:35:23,546 basehttp 154 "GET /carts/simple/ HTTP/1.1" 404 3372
WARNING 2020-07-29 11:39:47,390 log 228 Not Found: /browse_histories/
WARNING 2020-07-29 11:39:47,397 basehttp 154 "GET /browse_histories/ HTTP/1.1" 404 3384
INFO 2020-07-29 11:39:47,452 basehttp 154 "GET /info/ HTTP/1.1" 200 124
INFO 2020-07-29 12:08:34,772 autoreload 217 /home/ubuntu/Desktop/项目阶段/meiduo_mall/meiduo_mall/apps/users/views.py changed, reloading.
INFO 2020-07-29 12:08:37,137 autoreload 597 Watching for file changes with StatReloader
INFO 2020-07-29 12:08:49,754 basehttp 154 "OPTIONS /emails/ HTTP/1.1" 200 0
WARNING 2020-07-29 12:08:49,773 log 228 Not Found: /emails/
WARNING 2020-07-29 12:08:49,778 basehttp 154 "PUT /emails/ HTTP/1.1" 404 3354
WARNING 2020-07-29 12:10:22,848 log 228 Not Found: /browse_histories/
WARNING 2020-07-29 12:10:22,850 basehttp 154 "GET /browse_histories/ HTTP/1.1" 404 3384
INFO 2020-07-29 12:10:23,254 basehttp 154 "GET /info/ HTTP/1.1" 200 124
WARNING 2020-07-29 12:10:41,488 log 228 Not Found: /emails/
WARNING 2020-07-29 12:10:41,489 basehttp 154 "PUT /emails/ HTTP/1.1" 404 3354
INFO 2020-07-29 12:12:11,204 autoreload 217 /home/ubuntu/Desktop/项目阶段/meiduo_mall/meiduo_mall/apps/users/urls.py changed, reloading.
INFO 2020-07-29 12:12:12,479 autoreload 597 Watching for file changes with StatReloader
INFO 2020-07-29 12:12:13,754 basehttp 154 "PUT /emails/ HTTP/1.1" 200 64
INFO 2020-07-29 12:18:18,624 autoreload 217 /home/ubuntu/Desktop/项目阶段/meiduo_mall/meiduo_mall/apps/users/views.py changed, reloading.
INFO 2020-07-29 12:18:19,456 autoreload 597 Watching for file changes with StatReloader
INFO 2020-07-29 12:18:21,896 basehttp 154 "GET /info/ HTTP/1.1" 200 124
WARNING 2020-07-29 12:18:21,912 log 228 Not Found: /browse_histories/
WARNING 2020-07-29 12:18:21,913 basehttp 154 "GET /browse_histories/ HTTP/1.1" 404 3540
INFO 2020-07-29 12:18:31,378 basehttp 154 "PUT /emails/ HTTP/1.1" 200 64
INFO 2020-07-29 12:45:05,858 autoreload 217 /home/ubuntu/Desktop/项目阶段/meiduo_mall/meiduo_mall/settings/dev.py changed, reloading.
INFO 2020-07-29 12:45:08,320 autoreload 597 Watching for file changes with StatReloader
INFO 2020-07-29 13:50:40,129 autoreload 217 /home/ubuntu/Desktop/项目阶段/meiduo_mall/meiduo_mall/settings/dev.py changed, reloading.
INFO 2020-07-29 13:50:44,451 autoreload 597 Watching for file changes with StatReloader
INFO 2020-07-29 13:51:52,977 autoreload 597 Watching for file changes with StatReloader
INFO 2020-07-29 13:54:51,471 autoreload 597 Watching for file changes with StatReloader
INFO 2020-07-29 13:54:56,983 basehttp 154 "OPTIONS /login/ HTTP/1.1" 200 0
INFO 2020-07-29 13:54:57,085 basehttp 154 "POST /login/ HTTP/1.1" 200 27
WARNING 2020-07-29 13:54:58,463 log 228 Not Found: /carts/simple/
WARNING 2020-07-29 13:54:58,464 basehttp 154 "GET /carts/simple/ HTTP/1.1" 404 3528
INFO 2020-07-29 13:55:01,853 basehttp 154 "GET /info/ HTTP/1.1" 200 140
WARNING 2020-07-29 13:55:01,924 log 228 Not Found: /browse_histories/
WARNING 2020-07-29 13:55:01,926 basehttp 154 "GET /browse_histories/ HTTP/1.1" 404 3540
WARNING 2020-07-29 13:55:37,208 log 228 Not Found: /browse_histories/
WARNING 2020-07-29 13:55:37,209 basehttp 154 "GET /browse_histories/ HTTP/1.1" 404 3540
INFO 2020-07-29 13:55:37,267 basehttp 154 "GET /info/ HTTP/1.1" 200 124
INFO 2020-07-29 13:56:47,951 basehttp 154 "OPTIONS /emails/ HTTP/1.1" 200 0
ERROR 2020-07-29 13:56:48,830 log 228 Internal Server Error: /emails/
Traceback (most recent call last):
  File "/home/ubuntu/.virtualenvs/my_first_virtualenv/lib/python3.6/site-packages/django/core/handlers/exception.py", line 34, in inner
    response = get_response(request)
  File "/home/ubuntu/.virtualenvs/my_first_virtualenv/lib/python3.6/site-packages/django/core/handlers/base.py", line 115, in _get_response
    response = self.process_exception_by_middleware(e, request)
  File "/home/ubuntu/.virtualenvs/my_first_virtualenv/lib/python3.6/site-packages/django/core/handlers/base.py", line 113, in _get_response
    response = wrapped_callback(request, *callback_args, **callback_kwargs)
  File "/home/ubuntu/.virtualenvs/my_first_virtualenv/lib/python3.6/site-packages/django/views/generic/base.py", line 71, in view
    return self.dispatch(request, *args, **kwargs)
  File "/home/ubuntu/.virtualenvs/my_first_virtualenv/lib/python3.6/site-packages/django/views/generic/base.py", line 97, in dispatch
    return handler(request, *args, **kwargs)
  File "/home/ubuntu/Desktop/项目阶段/meiduo_mall/meiduo_mall/apps/users/views.py", line 321, in put
    html_message=html_message)
  File "/home/ubuntu/.virtualenvs/my_first_virtualenv/lib/python3.6/site-packages/django/core/mail/__init__.py", line 60, in send_mail
    return mail.send()
  File "/home/ubuntu/.virtualenvs/my_first_virtualenv/lib/python3.6/site-packages/django/core/mail/message.py", line 291, in send
    return self.get_connection(fail_silently).send_messages([self])
  File "/home/ubuntu/.virtualenvs/my_first_virtualenv/lib/python3.6/site-packages/django/core/mail/backends/smtp.py", line 103, in send_messages
    new_conn_created = self.open()
  File "/home/ubuntu/.virtualenvs/my_first_virtualenv/lib/python3.6/site-packages/django/core/mail/backends/smtp.py", line 70, in open
    self.connection.login(self.username, self.password)
  File "/usr/lib/python3.6/smtplib.py", line 730, in login
    raise last_exception
  File "/usr/lib/python3.6/smtplib.py", line 721, in login
    initial_response_ok=initial_response_ok)
  File "/usr/lib/python3.6/smtplib.py", line 642, in auth
    raise SMTPAuthenticationError(code, resp)
smtplib.SMTPAuthenticationError: (535, b'Error: authentication failed')
ERROR 2020-07-29 13:56:48,838 basehttp 154 "PUT /emails/ HTTP/1.1" 500 117183
INFO 2020-07-29 14:00:26,259 autoreload 597 Watching for file changes with StatReloader
ERROR 2020-07-29 14:00:39,466 log 228 Internal Server Error: /emails/
Traceback (most recent call last):
  File "/home/ubuntu/.virtualenvs/my_first_virtualenv/lib/python3.6/site-packages/django/core/handlers/exception.py", line 34, in inner
    response = get_response(request)
  File "/home/ubuntu/.virtualenvs/my_first_virtualenv/lib/python3.6/site-packages/django/core/handlers/base.py", line 115, in _get_response
    response = self.process_exception_by_middleware(e, request)
  File "/home/ubuntu/.virtualenvs/my_first_virtualenv/lib/python3.6/site-packages/django/core/handlers/base.py", line 113, in _get_response
    response = wrapped_callback(request, *callback_args, **callback_kwargs)
  File "/home/ubuntu/.virtualenvs/my_first_virtualenv/lib/python3.6/site-packages/django/views/generic/base.py", line 71, in view
    return self.dispatch(request, *args, **kwargs)
  File "/home/ubuntu/.virtualenvs/my_first_virtualenv/lib/python3.6/site-packages/django/views/generic/base.py", line 97, in dispatch
    return handler(request, *args, **kwargs)
  File "/home/ubuntu/Desktop/项目阶段/meiduo_mall/meiduo_mall/apps/users/views.py", line 306, in put
    verify_url= User.generate_verify_email_url()
TypeError: generate_verify_email_url() missing 1 required positional argument: 'self'
ERROR 2020-07-29 14:00:39,468 basehttp 154 "PUT /emails/ HTTP/1.1" 500 81213
INFO 2020-07-29 14:02:59,901 autoreload 597 Watching for file changes with StatReloader
ERROR 2020-07-29 14:03:22,695 log 228 Internal Server Error: /emails/
Traceback (most recent call last):
  File "/home/ubuntu/.virtualenvs/my_first_virtualenv/lib/python3.6/site-packages/django/core/handlers/exception.py", line 34, in inner
    response = get_response(request)
  File "/home/ubuntu/.virtualenvs/my_first_virtualenv/lib/python3.6/site-packages/django/core/handlers/base.py", line 115, in _get_response
    response = self.process_exception_by_middleware(e, request)
  File "/home/ubuntu/.virtualenvs/my_first_virtualenv/lib/python3.6/site-packages/django/core/handlers/base.py", line 113, in _get_response
    response = wrapped_callback(request, *callback_args, **callback_kwargs)
  File "/home/ubuntu/.virtualenvs/my_first_virtualenv/lib/python3.6/site-packages/django/views/generic/base.py", line 71, in view
    return self.dispatch(request, *args, **kwargs)
  File "/home/ubuntu/.virtualenvs/my_first_virtualenv/lib/python3.6/site-packages/django/views/generic/base.py", line 97, in dispatch
    return handler(request, *args, **kwargs)
  File "/home/ubuntu/Desktop/项目阶段/meiduo_mall/meiduo_mall/apps/users/views.py", line 321, in put
    html_message=html_message)
  File "/home/ubuntu/.virtualenvs/my_first_virtualenv/lib/python3.6/site-packages/django/core/mail/__init__.py", line 60, in send_mail
    return mail.send()
  File "/home/ubuntu/.virtualenvs/my_first_virtualenv/lib/python3.6/site-packages/django/core/mail/message.py", line 291, in send
    return self.get_connection(fail_silently).send_messages([self])
  File "/home/ubuntu/.virtualenvs/my_first_virtualenv/lib/python3.6/site-packages/django/core/mail/backends/smtp.py", line 103, in send_messages
    new_conn_created = self.open()
  File "/home/ubuntu/.virtualenvs/my_first_virtualenv/lib/python3.6/site-packages/django/core/mail/backends/smtp.py", line 70, in open
    self.connection.login(self.username, self.password)
  File "/usr/lib/python3.6/smtplib.py", line 730, in login
    raise last_exception
  File "/usr/lib/python3.6/smtplib.py", line 721, in login
    initial_response_ok=initial_response_ok)
  File "/usr/lib/python3.6/smtplib.py", line 642, in auth
    raise SMTPAuthenticationError(code, resp)
smtplib.SMTPAuthenticationError: (535, b'Error: authentication failed')
ERROR 2020-07-29 14:03:22,699 basehttp 154 "PUT /emails/ HTTP/1.1" 500 117107
INFO 2020-07-29 14:17:33,051 autoreload 597 Watching for file changes with StatReloader
INFO 2020-07-29 14:17:38,764 basehttp 154 "OPTIONS /emails/ HTTP/1.1" 200 0
ERROR 2020-07-29 14:17:39,056 log 228 Internal Server Error: /emails/
Traceback (most recent call last):
  File "/home/ubuntu/.virtualenvs/my_first_virtualenv/lib/python3.6/site-packages/django/core/handlers/exception.py", line 34, in inner
    response = get_response(request)
  File "/home/ubuntu/.virtualenvs/my_first_virtualenv/lib/python3.6/site-packages/django/core/handlers/base.py", line 115, in _get_response
    response = self.process_exception_by_middleware(e, request)
  File "/home/ubuntu/.virtualenvs/my_first_virtualenv/lib/python3.6/site-packages/django/core/handlers/base.py", line 113, in _get_response
    response = wrapped_callback(request, *callback_args, **callback_kwargs)
  File "/home/ubuntu/.virtualenvs/my_first_virtualenv/lib/python3.6/site-packages/django/views/generic/base.py", line 71, in view
    return self.dispatch(request, *args, **kwargs)
  File "/home/ubuntu/.virtualenvs/my_first_virtualenv/lib/python3.6/site-packages/django/views/generic/base.py", line 97, in dispatch
    return handler(request, *args, **kwargs)
  File "/home/ubuntu/Desktop/项目阶段/meiduo_mall/meiduo_mall/apps/users/views.py", line 306, in put
    verify_url= User.generate_verify_email_url()
TypeError: generate_verify_email_url() missing 1 required positional argument: 'self'
ERROR 2020-07-29 14:17:39,058 basehttp 154 "PUT /emails/ HTTP/1.1" 500 81212
INFO 2020-07-29 14:19:01,311 autoreload 597 Watching for file changes with StatReloader
INFO 2020-07-29 14:19:08,380 basehttp 154 "PUT /emails/ HTTP/1.1" 200 64
INFO 2020-07-29 15:08:13,907 autoreload 217 /home/ubuntu/Desktop/项目阶段/meiduo_mall/meiduo_mall/apps/users/views.py changed, reloading.
INFO 2020-07-29 15:08:15,318 autoreload 597 Watching for file changes with StatReloader
INFO 2020-07-30 04:00:38,184 autoreload 597 Watching for file changes with StatReloader
INFO 2020-07-30 04:00:58,577 basehttp 154 "OPTIONS /logout/ HTTP/1.1" 200 0
INFO 2020-07-30 04:00:58,600 basehttp 154 "DELETE /logout/ HTTP/1.1" 200 27
INFO 2020-07-30 04:01:10,204 basehttp 154 "GET /image_codes/a0c25dba-201a-49a2-9f8a-6e598f1d9bca/ HTTP/1.1" 200 3039
INFO 2020-07-30 04:01:15,049 basehttp 154 "GET /usernames/shawn/count/ HTTP/1.1" 200 39
INFO 2020-07-30 04:01:32,012 basehttp 154 "GET /mobiles/13896584883/count/ HTTP/1.1" 200 39
INFO 2020-07-30 04:01:42,007 basehttp 154 "GET /mobiles/13896584883/count/ HTTP/1.1" 200 39
INFO 2020-07-30 04:01:42,033 views 74 318913
INFO 2020-07-30 04:01:43,632 basehttp 154 "GET /sms_codes/13896584883/?image_code=sqp5&image_code_id=a0c25dba-201a-49a2-9f8a-6e598f1d9bca HTTP/1.1" 200 73
INFO 2020-07-30 04:01:57,098 basehttp 154 "GET /usernames/shawn/count/ HTTP/1.1" 200 39
INFO 2020-07-30 04:01:57,103 basehttp 154 "GET /mobiles/13896584883/count/ HTTP/1.1" 200 39
INFO 2020-07-30 04:01:57,105 basehttp 154 "OPTIONS /register/ HTTP/1.1" 200 0
INFO 2020-07-30 04:01:57,516 basehttp 154 "POST /register/ HTTP/1.1" 200 27
WARNING 2020-07-30 04:01:58,815 log 228 Not Found: /carts/simple/
WARNING 2020-07-30 04:01:58,821 basehttp 154 "GET /carts/simple/ HTTP/1.1" 404 3697
INFO 2020-07-30 04:02:20,712 basehttp 154 "DELETE /logout/ HTTP/1.1" 200 27
INFO 2020-07-30 04:02:43,575 basehttp 154 "OPTIONS /login/ HTTP/1.1" 200 0
INFO 2020-07-30 04:02:43,846 basehttp 154 "POST /login/ HTTP/1.1" 200 27
WARNING 2020-07-30 04:02:44,863 log 228 Not Found: /carts/simple/
WARNING 2020-07-30 04:02:44,866 basehttp 154 "GET /carts/simple/ HTTP/1.1" 404 3697
INFO 2020-07-30 06:07:41,772 autoreload 217 /home/ubuntu/Desktop/项目阶段/meiduo_mall/celery_tasks/main.py changed, reloading.
INFO 2020-07-30 06:07:45,708 autoreload 597 Watching for file changes with StatReloader
INFO 2020-07-30 06:09:58,342 autoreload 217 /home/ubuntu/Desktop/项目阶段/meiduo_mall/celery_tasks/email/tasks.py changed, reloading.
INFO 2020-07-30 06:09:58,918 autoreload 597 Watching for file changes with StatReloader
WARNING 2020-07-30 06:11:05,996 log 228 Not Found: /browse_histories/
WARNING 2020-07-30 06:11:05,997 basehttp 154 "GET /browse_histories/ HTTP/1.1" 404 3709
INFO 2020-07-30 06:11:06,097 basehttp 154 "GET /info/ HTTP/1.1" 200 124
INFO 2020-07-30 06:11:24,965 basehttp 154 "OPTIONS /emails/ HTTP/1.1" 200 0
INFO 2020-07-30 06:11:25,300 basehttp 154 "PUT /emails/ HTTP/1.1" 200 64
WARNING 2020-07-30 06:13:25,836 log 228 Not Found: /browse_histories/
WARNING 2020-07-30 06:13:25,842 basehttp 154 "GET /browse_histories/ HTTP/1.1" 404 3709
INFO 2020-07-30 06:13:25,850 basehttp 154 "GET /info/ HTTP/1.1" 200 141
INFO 2020-07-30 06:13:27,431 basehttp 154 "PUT /emails/ HTTP/1.1" 200 64
INFO 2020-07-30 07:27:27,530 autoreload 217 /home/ubuntu/Desktop/项目阶段/meiduo_mall/meiduo_mall/apps/users/views.py changed, reloading.
INFO 2020-07-30 07:27:29,608 autoreload 597 Watching for file changes with StatReloader
WARNING 2020-07-30 07:27:45,714 log 228 Not Found: /browse_histories/
WARNING 2020-07-30 07:27:45,721 basehttp 154 "GET /browse_histories/ HTTP/1.1" 404 3709
INFO 2020-07-30 07:27:45,746 basehttp 154 "GET /info/ HTTP/1.1" 200 141
INFO 2020-07-30 07:27:48,250 basehttp 154 "OPTIONS /emails/ HTTP/1.1" 200 0
INFO 2020-07-30 07:27:48,503 basehttp 154 "PUT /emails/ HTTP/1.1" 200 64
INFO 2020-07-30 07:34:14,163 autoreload 217 /home/ubuntu/Desktop/项目阶段/meiduo_mall/meiduo_mall/apps/users/views.py changed, reloading.
INFO 2020-07-30 07:34:14,833 autoreload 597 Watching for file changes with StatReloader
INFO 2020-07-30 07:34:35,096 autoreload 217 /home/ubuntu/Desktop/项目阶段/meiduo_mall/celery_tasks/email/tasks.py changed, reloading.
INFO 2020-07-30 07:34:36,244 autoreload 597 Watching for file changes with StatReloader
WARNING 2020-07-30 07:35:38,162 log 228 Not Found: /browse_histories/
WARNING 2020-07-30 07:35:38,169 basehttp 154 "GET /browse_histories/ HTTP/1.1" 404 3709
INFO 2020-07-30 07:35:38,207 basehttp 154 "GET /info/ HTTP/1.1" 200 141
INFO 2020-07-30 07:35:40,329 basehttp 154 "PUT /emails/ HTTP/1.1" 200 64
INFO 2020-07-30 07:38:35,804 basehttp 154 "OPTIONS /emails/verification/?token=eyJhbGciOiJIUzUxMiIsImlhdCI6MTU5NjA5NDU0MCwiZXhwIjoxNTk2MTgwOTQwfQ.eyJ1c2VyX2lkIjo1LCJlbWFpbCI6IjEwOTc1MTIxMTZAcXEuY29tIn0.EOV-ejzTN9JZsaxqWcMb1TDepGJjukuq4vCgcFtw1JFcFo-SROjsKpCkNI-nsEwKK_Xy4O_XsBTTw2qBNB-9tw HTTP/1.1" 200 0
ERROR 2020-07-30 07:38:36,014 log 228 Internal Server Error: /emails/verification/
Traceback (most recent call last):
  File "/home/ubuntu/.virtualenvs/my_first_virtualenv/lib/python3.6/site-packages/django/core/handlers/exception.py", line 34, in inner
    response = get_response(request)
  File "/home/ubuntu/.virtualenvs/my_first_virtualenv/lib/python3.6/site-packages/django/core/handlers/base.py", line 115, in _get_response
    response = self.process_exception_by_middleware(e, request)
  File "/home/ubuntu/.virtualenvs/my_first_virtualenv/lib/python3.6/site-packages/django/core/handlers/base.py", line 113, in _get_response
    response = wrapped_callback(request, *callback_args, **callback_kwargs)
  File "/home/ubuntu/.virtualenvs/my_first_virtualenv/lib/python3.6/site-packages/django/views/generic/base.py", line 71, in view
    return self.dispatch(request, *args, **kwargs)
  File "/home/ubuntu/.virtualenvs/my_first_virtualenv/lib/python3.6/site-packages/django/views/generic/base.py", line 97, in dispatch
    return handler(request, *args, **kwargs)
  File "/home/ubuntu/Desktop/项目阶段/meiduo_mall/meiduo_mall/apps/users/views.py", line 332, in put
    token = request.GEW.get('token')
AttributeError: 'WSGIRequest' object has no attribute 'GEW'
ERROR 2020-07-30 07:38:36,016 basehttp 154 "PUT /emails/verification/?token=eyJhbGciOiJIUzUxMiIsImlhdCI6MTU5NjA5NDU0MCwiZXhwIjoxNTk2MTgwOTQwfQ.eyJ1c2VyX2lkIjo1LCJlbWFpbCI6IjEwOTc1MTIxMTZAcXEuY29tIn0.EOV-ejzTN9JZsaxqWcMb1TDepGJjukuq4vCgcFtw1JFcFo-SROjsKpCkNI-nsEwKK_Xy4O_XsBTTw2qBNB-9tw HTTP/1.1" 500 82965
WARNING 2020-07-30 07:38:44,693 log 228 Not Found: /carts/simple/
WARNING 2020-07-30 07:38:44,693 basehttp 154 "GET /carts/simple/ HTTP/1.1" 404 3697
INFO 2020-07-30 07:41:48,654 autoreload 217 /home/ubuntu/Desktop/项目阶段/meiduo_mall/meiduo_mall/apps/users/views.py changed, reloading.
INFO 2020-07-30 07:41:49,902 autoreload 597 Watching for file changes with StatReloader
INFO 2020-07-30 07:41:57,206 basehttp 154 "PUT /emails/verification/?token=eyJhbGciOiJIUzUxMiIsImlhdCI6MTU5NjA5NDU0MCwiZXhwIjoxNTk2MTgwOTQwfQ.eyJ1c2VyX2lkIjo1LCJlbWFpbCI6IjEwOTc1MTIxMTZAcXEuY29tIn0.EOV-ejzTN9JZsaxqWcMb1TDepGJjukuq4vCgcFtw1JFcFo-SROjsKpCkNI-nsEwKK_Xy4O_XsBTTw2qBNB-9tw HTTP/1.1" 200 27
WARNING 2020-07-30 07:42:01,024 log 228 Not Found: /carts/simple/
WARNING 2020-07-30 07:42:01,031 basehttp 154 "GET /carts/simple/ HTTP/1.1" 404 3697
INFO 2020-07-30 07:42:06,478 basehttp 154 "GET /info/ HTTP/1.1" 200 140
WARNING 2020-07-30 07:42:06,495 log 228 Not Found: /browse_histories/
WARNING 2020-07-30 07:42:06,496 basehttp 154 "GET /browse_histories/ HTTP/1.1" 404 3709
INFO 2020-07-30 09:58:17,668 autoreload 217 /home/ubuntu/Desktop/项目阶段/meiduo_mall/meiduo_mall/urls.py changed, reloading.
INFO 2020-07-30 09:58:18,846 autoreload 597 Watching for file changes with StatReloader
INFO 2020-07-30 10:01:47,459 autoreload 217 /home/ubuntu/Desktop/项目阶段/meiduo_mall/meiduo_mall/apps/oauth/urls.py changed, reloading.
INFO 2020-07-30 10:01:48,026 autoreload 597 Watching for file changes with StatReloader
INFO 2020-07-30 10:23:13,347 autoreload 217 /home/ubuntu/Desktop/项目阶段/meiduo_mall/meiduo_mall/apps/oauth/urls.py changed, reloading.
INFO 2020-07-30 10:23:16,439 autoreload 597 Watching for file changes with StatReloader
INFO 2020-07-30 10:23:19,265 basehttp 154 "OPTIONS /logout/ HTTP/1.1" 200 0
INFO 2020-07-30 10:23:19,287 basehttp 154 "DELETE /logout/ HTTP/1.1" 200 27
WARNING 2020-07-30 10:23:23,759 base 102 Method Not Allowed (GET): /qq/authorization/
WARNING 2020-07-30 10:23:23,788 log 228 Method Not Allowed: /qq/authorization/
WARNING 2020-07-30 10:23:23,789 basehttp 154 "GET /qq/authorization/?next=/ HTTP/1.1" 405 0
WARNING 2020-07-30 10:23:45,562 base 102 Method Not Allowed (GET): /qq/authorization/
WARNING 2020-07-30 10:23:45,564 log 228 Method Not Allowed: /qq/authorization/
WARNING 2020-07-30 10:23:45,566 basehttp 154 "GET /qq/authorization/?next=/ HTTP/1.1" 405 0
INFO 2020-07-30 11:47:14,918 autoreload 217 /home/ubuntu/Desktop/项目阶段/meiduo_mall/meiduo_mall/apps/oauth/views.py changed, reloading.
INFO 2020-07-30 11:47:17,913 autoreload 597 Watching for file changes with StatReloader
INFO 2020-07-30 11:51:14,718 basehttp 154 "GET /qq/authorization/?next=/ HTTP/1.1" 200 205
INFO 2020-07-30 11:51:21,306 basehttp 154 "GET /qq/authorization/?next=/ HTTP/1.1" 200 205
INFO 2020-07-30 11:52:23,997 basehttp 154 "GET /qq/authorization/?next=/ HTTP/1.1" 200 205
INFO 2020-07-30 11:54:08,875 autoreload 217 /home/ubuntu/Desktop/项目阶段/meiduo_mall/meiduo_mall/apps/oauth/views.py changed, reloading.
INFO 2020-07-30 11:54:09,508 autoreload 597 Watching for file changes with StatReloader
INFO 2020-07-30 11:54:18,840 basehttp 154 "GET /qq/authorization/?next=/ HTTP/1.1" 200 203
INFO 2020-07-30 11:59:52,462 basehttp 154 "GET /qq/authorization/?next=/ HTTP/1.1" 200 203
INFO 2020-07-30 12:00:14,348 basehttp 154 "GET /qq/authorization/?next=/ HTTP/1.1" 200 203
WARNING 2020-07-30 12:05:00,322 log 228 Not Found: /carts/simple/
WARNING 2020-07-30 12:05:00,337 basehttp 154 "GET /carts/simple/ HTTP/1.1" 404 3863
INFO 2020-07-30 12:05:05,154 basehttp 154 "GET /qq/authorization/?next=/ HTTP/1.1" 200 203
